2025-08-29T05:28:25.589Z [INFO] fastify options processed at 4.137542Ms
2025-08-29T05:28:25.589Z [INFO] fastify started at 4.176084Ms
2025-08-29T05:28:25.593Z [INFO] fastify cookies registered at 7.669292Ms
2025-08-29T05:28:25.593Z [INFO] error handler registered at 8.005084Ms
2025-08-29T05:28:25.593Z [INFO] url paths registered at 8.024875Ms
2025-08-29T05:28:25.594Z [INFO] proxy paths registered at 8.273084Ms
2025-08-29T05:28:25.593Z [INFO] prehandler registered at 7.982375Ms
2025-08-29T05:28:25.593Z [INFO] rate limiter started 7.964875Ms
2025-08-29T05:28:25.594Z [INFO] session cleaner started at 8.288584Ms
2025-08-29T05:28:25.605Z [INFO] starting encrytion backend
2025-08-29T05:28:25.610Z [INFO] fastify listening at 24.654042Ms
2025-08-29T05:29:29.795Z [INFO] fastify options processed at 4.246917Ms
2025-08-29T05:29:29.795Z [INFO] fastify started at 4.283625Ms
2025-08-29T05:29:29.799Z [INFO] rate limiter started 7.999333Ms
2025-08-29T05:29:29.799Z [INFO] fastify cookies registered at 7.69175Ms
2025-08-29T05:29:29.799Z [INFO] error handler registered at 8.041583Ms
2025-08-29T05:29:29.799Z [INFO] url paths registered at 8.062708Ms
2025-08-29T05:29:29.799Z [INFO] session cleaner started at 8.432667Ms
2025-08-29T05:29:29.807Z [INFO] starting encrytion backend
2025-08-29T05:29:29.799Z [INFO] prehandler registered at 8.019292Ms
2025-08-29T05:29:29.811Z [INFO] fastify listening at 20.028792Ms
2025-08-29T05:29:29.799Z [INFO] proxy paths registered at 8.324208Ms
2025-08-29T05:39:29.831Z [INFO] fastify options processed at 8.144417Ms
2025-08-29T05:39:29.831Z [INFO] fastify started at 8.182042Ms
2025-08-29T05:39:29.837Z [INFO] fastify cookies registered at 13.931417Ms
2025-08-29T05:39:29.837Z [INFO] error handler registered at 14.415Ms
2025-08-29T05:39:29.837Z [INFO] url paths registered at 14.439917Ms
2025-08-29T05:39:29.837Z [INFO] prehandler registered at 14.387208Ms
2025-08-29T05:39:29.837Z [INFO] session cleaner started at 14.754375Ms
2025-08-29T05:39:29.837Z [INFO] proxy paths registered at 14.739083Ms
2025-08-29T05:39:29.849Z [INFO] starting encrytion backend
2025-08-29T05:39:29.852Z [INFO] fastify listening at 29.443833Ms
2025-08-29T05:39:29.837Z [INFO] rate limiter started 14.358125Ms
2025-08-29T05:39:34.034Z [INFO] missing cookies from user cookie undefined and session cookie undefined at 127.0.0.1
2025-08-29T05:43:08.738Z [INFO] fastify options processed at 4.219333Ms
2025-08-29T05:43:08.742Z [INFO] rate limiter started 8.371083Ms
2025-08-29T05:43:08.738Z [INFO] fastify started at 4.263333Ms
2025-08-29T05:43:08.742Z [INFO] fastify cookies registered at 8.043666Ms
2025-08-29T05:43:08.742Z [INFO] error handler registered at 8.417375Ms
2025-08-29T05:43:08.742Z [INFO] prehandler registered at 8.393708Ms
2025-08-29T05:43:08.743Z [INFO] proxy paths registered at 8.810916Ms
2025-08-29T05:43:08.743Z [INFO] session cleaner started at 8.891666Ms
2025-08-29T05:43:08.745Z [INFO] starting encrytion backend
2025-08-29T05:43:08.750Z [INFO] fastify listening at 16.118Ms
2025-08-29T05:43:08.742Z [INFO] url paths registered at 8.442333Ms
2025-08-29T14:41:27.945Z [INFO] fastify options processed at 6.950125Ms
2025-08-29T14:41:27.948Z [INFO] fastify cookies registered at 10.640209Ms
2025-08-29T14:41:27.945Z [INFO] fastify started at 6.986209Ms
2025-08-29T14:41:27.949Z [INFO] rate limiter started 10.973209Ms
2025-08-29T14:41:27.949Z [INFO] error handler registered at 11.028Ms
2025-08-29T14:41:27.949Z [INFO] proxy paths registered at 11.328959Ms
2025-08-29T14:41:27.949Z [INFO] session cleaner started at 11.345042Ms
2025-08-29T14:41:27.949Z [INFO] url paths registered at 11.05325Ms
2025-08-29T14:41:27.959Z [INFO] starting encrytion backend
2025-08-29T14:41:27.963Z [INFO] fastify listening at 25.334Ms
2025-08-29T14:41:27.949Z [INFO] prehandler registered at 11.001167Ms
2025-08-29T14:42:06.334Z [INFO] missing cookies from user cookie undefined and session cookie undefined at 127.0.0.1
2025-08-29T14:42:09.477Z [INFO] missing cookies from user cookie undefined and session cookie undefined at 127.0.0.1
2025-08-29T14:42:14.688Z [INFO] missing cookies from user cookie undefined and session cookie undefined at 127.0.0.1
2025-08-29T14:42:14.761Z [INFO] admin has logged in from 127.0.0.1
2025-08-29T14:42:14.794Z [INFO] Cookies: user=admin, session=cea7319b-cb2a-4434-bde1-d7351ace682a, expected=cea7319b-cb2a-4434-bde1-d7351ace682a
2025-08-29T14:42:14.794Z [INFO] user returned as logged in by login checker from 127.0.0.1 with session ID cea7319b-cb2a-4434-bde1-d7351ace682a and username admin
2025-08-29T14:42:14.845Z [INFO] Cookies: user=admin, session=cea7319b-cb2a-4434-bde1-d7351ace682a, expected=cea7319b-cb2a-4434-bde1-d7351ace682a
2025-08-29T14:42:15.069Z [INFO] Cookies: user=admin, session=cea7319b-cb2a-4434-bde1-d7351ace682a, expected=cea7319b-cb2a-4434-bde1-d7351ace682a
2025-08-29T14:42:15.113Z [INFO] Cookies: user=admin, session=cea7319b-cb2a-4434-bde1-d7351ace682a, expected=cea7319b-cb2a-4434-bde1-d7351ace682a
2025-08-29T14:42:15.164Z [INFO] Cookies: user=admin, session=cea7319b-cb2a-4434-bde1-d7351ace682a, expected=cea7319b-cb2a-4434-bde1-d7351ace682a
2025-08-29T14:42:15.198Z [INFO] Cookies: user=admin, session=cea7319b-cb2a-4434-bde1-d7351ace682a, expected=cea7319b-cb2a-4434-bde1-d7351ace682a
2025-08-29T14:42:15.234Z [INFO] Cookies: user=admin, session=cea7319b-cb2a-4434-bde1-d7351ace682a, expected=cea7319b-cb2a-4434-bde1-d7351ace682a
2025-08-29T14:42:15.275Z [INFO] Cookies: user=admin, session=cea7319b-cb2a-4434-bde1-d7351ace682a, expected=cea7319b-cb2a-4434-bde1-d7351ace682a
2025-08-29T14:42:15.311Z [INFO] Cookies: user=admin, session=cea7319b-cb2a-4434-bde1-d7351ace682a, expected=cea7319b-cb2a-4434-bde1-d7351ace682a
2025-08-29T14:42:15.347Z [INFO] Cookies: user=admin, session=cea7319b-cb2a-4434-bde1-d7351ace682a, expected=cea7319b-cb2a-4434-bde1-d7351ace682a
2025-08-29T14:42:15.395Z [INFO] Cookies: user=admin, session=cea7319b-cb2a-4434-bde1-d7351ace682a, expected=cea7319b-cb2a-4434-bde1-d7351ace682a
2025-08-29T14:42:15.506Z [INFO] Cookies: user=admin, session=cea7319b-cb2a-4434-bde1-d7351ace682a, expected=cea7319b-cb2a-4434-bde1-d7351ace682a
2025-08-29T14:42:15.549Z [INFO] Cookies: user=admin, session=cea7319b-cb2a-4434-bde1-d7351ace682a, expected=cea7319b-cb2a-4434-bde1-d7351ace682a
2025-08-29T14:42:15.591Z [INFO] Cookies: user=admin, session=cea7319b-cb2a-4434-bde1-d7351ace682a, expected=cea7319b-cb2a-4434-bde1-d7351ace682a
2025-08-29T14:42:15.627Z [INFO] Cookies: user=admin, session=cea7319b-cb2a-4434-bde1-d7351ace682a, expected=cea7319b-cb2a-4434-bde1-d7351ace682a
2025-08-29T14:42:15.743Z [INFO] Cookies: user=admin, session=cea7319b-cb2a-4434-bde1-d7351ace682a, expected=cea7319b-cb2a-4434-bde1-d7351ace682a
2025-08-29T14:42:15.756Z [INFO] Cookies: user=admin, session=cea7319b-cb2a-4434-bde1-d7351ace682a, expected=cea7319b-cb2a-4434-bde1-d7351ace682a
2025-08-29T14:42:15.811Z [INFO] Cookies: user=admin, session=cea7319b-cb2a-4434-bde1-d7351ace682a, expected=cea7319b-cb2a-4434-bde1-d7351ace682a
2025-08-29T14:42:39.474Z [INFO] Cookies: user=admin, session=cea7319b-cb2a-4434-bde1-d7351ace682a, expected=cea7319b-cb2a-4434-bde1-d7351ace682a
2025-08-29T14:42:39.474Z [INFO] user authenticated by middleware from 127.0.0.1 with session ID cea7319b-cb2a-4434-bde1-d7351ace682a and username admin
2025-08-29T14:42:39.548Z [INFO] Cookies: user=admin, session=cea7319b-cb2a-4434-bde1-d7351ace682a, expected=cea7319b-cb2a-4434-bde1-d7351ace682a
2025-08-29T14:42:39.767Z [INFO] Cookies: user=admin, session=cea7319b-cb2a-4434-bde1-d7351ace682a, expected=cea7319b-cb2a-4434-bde1-d7351ace682a
2025-08-29T14:42:39.812Z [INFO] Cookies: user=admin, session=cea7319b-cb2a-4434-bde1-d7351ace682a, expected=cea7319b-cb2a-4434-bde1-d7351ace682a
2025-08-29T14:42:39.865Z [INFO] Cookies: user=admin, session=cea7319b-cb2a-4434-bde1-d7351ace682a, expected=cea7319b-cb2a-4434-bde1-d7351ace682a
2025-08-29T14:42:39.898Z [INFO] Cookies: user=admin, session=cea7319b-cb2a-4434-bde1-d7351ace682a, expected=cea7319b-cb2a-4434-bde1-d7351ace682a
2025-08-29T14:42:39.929Z [INFO] Cookies: user=admin, session=cea7319b-cb2a-4434-bde1-d7351ace682a, expected=cea7319b-cb2a-4434-bde1-d7351ace682a
2025-08-29T14:42:39.978Z [INFO] Cookies: user=admin, session=cea7319b-cb2a-4434-bde1-d7351ace682a, expected=cea7319b-cb2a-4434-bde1-d7351ace682a
2025-08-29T14:42:40.014Z [INFO] Cookies: user=admin, session=cea7319b-cb2a-4434-bde1-d7351ace682a, expected=cea7319b-cb2a-4434-bde1-d7351ace682a
2025-08-29T14:42:40.049Z [INFO] Cookies: user=admin, session=cea7319b-cb2a-4434-bde1-d7351ace682a, expected=cea7319b-cb2a-4434-bde1-d7351ace682a
2025-08-29T14:42:40.094Z [INFO] Cookies: user=admin, session=cea7319b-cb2a-4434-bde1-d7351ace682a, expected=cea7319b-cb2a-4434-bde1-d7351ace682a
2025-08-29T14:42:40.160Z [INFO] Cookies: user=admin, session=cea7319b-cb2a-4434-bde1-d7351ace682a, expected=cea7319b-cb2a-4434-bde1-d7351ace682a
2025-08-29T14:42:40.212Z [INFO] Cookies: user=admin, session=cea7319b-cb2a-4434-bde1-d7351ace682a, expected=cea7319b-cb2a-4434-bde1-d7351ace682a
2025-08-29T14:42:40.258Z [INFO] Cookies: user=admin, session=cea7319b-cb2a-4434-bde1-d7351ace682a, expected=cea7319b-cb2a-4434-bde1-d7351ace682a
2025-08-29T14:42:40.314Z [INFO] Cookies: user=admin, session=cea7319b-cb2a-4434-bde1-d7351ace682a, expected=cea7319b-cb2a-4434-bde1-d7351ace682a
2025-08-29T14:42:40.366Z [INFO] Cookies: user=admin, session=cea7319b-cb2a-4434-bde1-d7351ace682a, expected=cea7319b-cb2a-4434-bde1-d7351ace682a
2025-08-29T14:43:20.626Z [INFO] missing cookies from user cookie undefined and session cookie undefined at 204.76.203.10
2025-08-29T14:43:21.262Z [INFO] user returned as logged in by login checker from 127.0.0.1 with session ID cea7319b-cb2a-4434-bde1-d7351ace682a and username admin
2025-08-29T14:43:21.262Z [INFO] Cookies: user=admin, session=cea7319b-cb2a-4434-bde1-d7351ace682a, expected=cea7319b-cb2a-4434-bde1-d7351ace682a
2025-08-29T14:43:21.327Z [INFO] Cookies: user=admin, session=cea7319b-cb2a-4434-bde1-d7351ace682a, expected=cea7319b-cb2a-4434-bde1-d7351ace682a
2025-08-29T14:43:21.560Z [INFO] Cookies: user=admin, session=cea7319b-cb2a-4434-bde1-d7351ace682a, expected=cea7319b-cb2a-4434-bde1-d7351ace682a
2025-08-29T14:43:21.605Z [INFO] Cookies: user=admin, session=cea7319b-cb2a-4434-bde1-d7351ace682a, expected=cea7319b-cb2a-4434-bde1-d7351ace682a
2025-08-29T14:43:21.657Z [INFO] Cookies: user=admin, session=cea7319b-cb2a-4434-bde1-d7351ace682a, expected=cea7319b-cb2a-4434-bde1-d7351ace682a
2025-08-29T14:43:21.697Z [INFO] Cookies: user=admin, session=cea7319b-cb2a-4434-bde1-d7351ace682a, expected=cea7319b-cb2a-4434-bde1-d7351ace682a
2025-08-29T14:43:21.733Z [INFO] Cookies: user=admin, session=cea7319b-cb2a-4434-bde1-d7351ace682a, expected=cea7319b-cb2a-4434-bde1-d7351ace682a
2025-08-29T14:43:21.784Z [INFO] Cookies: user=admin, session=cea7319b-cb2a-4434-bde1-d7351ace682a, expected=cea7319b-cb2a-4434-bde1-d7351ace682a
2025-08-29T14:43:21.822Z [INFO] Cookies: user=admin, session=cea7319b-cb2a-4434-bde1-d7351ace682a, expected=cea7319b-cb2a-4434-bde1-d7351ace682a
2025-08-29T14:43:21.869Z [INFO] Cookies: user=admin, session=cea7319b-cb2a-4434-bde1-d7351ace682a, expected=cea7319b-cb2a-4434-bde1-d7351ace682a
2025-08-29T14:43:21.934Z [INFO] Cookies: user=admin, session=cea7319b-cb2a-4434-bde1-d7351ace682a, expected=cea7319b-cb2a-4434-bde1-d7351ace682a
2025-08-29T14:43:21.987Z [INFO] Cookies: user=admin, session=cea7319b-cb2a-4434-bde1-d7351ace682a, expected=cea7319b-cb2a-4434-bde1-d7351ace682a
2025-08-29T14:43:22.041Z [INFO] Cookies: user=admin, session=cea7319b-cb2a-4434-bde1-d7351ace682a, expected=cea7319b-cb2a-4434-bde1-d7351ace682a
2025-08-29T14:43:22.098Z [INFO] Cookies: user=admin, session=cea7319b-cb2a-4434-bde1-d7351ace682a, expected=cea7319b-cb2a-4434-bde1-d7351ace682a
2025-08-29T14:43:22.150Z [INFO] Cookies: user=admin, session=cea7319b-cb2a-4434-bde1-d7351ace682a, expected=cea7319b-cb2a-4434-bde1-d7351ace682a
2025-08-29T14:43:22.206Z [INFO] Cookies: user=admin, session=cea7319b-cb2a-4434-bde1-d7351ace682a, expected=cea7319b-cb2a-4434-bde1-d7351ace682a
2025-08-29T14:43:22.269Z [INFO] Cookies: user=admin, session=cea7319b-cb2a-4434-bde1-d7351ace682a, expected=cea7319b-cb2a-4434-bde1-d7351ace682a
2025-08-29T14:43:22.314Z [INFO] Cookies: user=admin, session=cea7319b-cb2a-4434-bde1-d7351ace682a, expected=cea7319b-cb2a-4434-bde1-d7351ace682a
2025-08-29T14:45:58.976Z [INFO] Cookies: user=admin, session=cea7319b-cb2a-4434-bde1-d7351ace682a, expected=cea7319b-cb2a-4434-bde1-d7351ace682a
2025-08-29T14:45:58.977Z [INFO] user authenticated by middleware from 127.0.0.1 with session ID cea7319b-cb2a-4434-bde1-d7351ace682a and username admin
2025-08-29T14:45:59.041Z [INFO] Cookies: user=admin, session=cea7319b-cb2a-4434-bde1-d7351ace682a, expected=cea7319b-cb2a-4434-bde1-d7351ace682a
2025-08-29T14:45:59.281Z [INFO] Cookies: user=admin, session=cea7319b-cb2a-4434-bde1-d7351ace682a, expected=cea7319b-cb2a-4434-bde1-d7351ace682a
2025-08-29T14:45:59.317Z [INFO] Cookies: user=admin, session=cea7319b-cb2a-4434-bde1-d7351ace682a, expected=cea7319b-cb2a-4434-bde1-d7351ace682a
2025-08-29T14:45:59.371Z [INFO] Cookies: user=admin, session=cea7319b-cb2a-4434-bde1-d7351ace682a, expected=cea7319b-cb2a-4434-bde1-d7351ace682a
2025-08-29T14:45:59.404Z [INFO] Cookies: user=admin, session=cea7319b-cb2a-4434-bde1-d7351ace682a, expected=cea7319b-cb2a-4434-bde1-d7351ace682a
2025-08-29T14:45:59.455Z [INFO] Cookies: user=admin, session=cea7319b-cb2a-4434-bde1-d7351ace682a, expected=cea7319b-cb2a-4434-bde1-d7351ace682a
2025-08-29T14:45:59.496Z [INFO] Cookies: user=admin, session=cea7319b-cb2a-4434-bde1-d7351ace682a, expected=cea7319b-cb2a-4434-bde1-d7351ace682a
2025-08-29T14:45:59.537Z [INFO] Cookies: user=admin, session=cea7319b-cb2a-4434-bde1-d7351ace682a, expected=cea7319b-cb2a-4434-bde1-d7351ace682a
2025-08-29T14:45:59.583Z [INFO] Cookies: user=admin, session=cea7319b-cb2a-4434-bde1-d7351ace682a, expected=cea7319b-cb2a-4434-bde1-d7351ace682a
2025-08-29T14:45:59.633Z [INFO] Cookies: user=admin, session=cea7319b-cb2a-4434-bde1-d7351ace682a, expected=cea7319b-cb2a-4434-bde1-d7351ace682a
2025-08-29T14:45:59.681Z [INFO] Cookies: user=admin, session=cea7319b-cb2a-4434-bde1-d7351ace682a, expected=cea7319b-cb2a-4434-bde1-d7351ace682a
2025-08-29T14:45:59.719Z [INFO] Cookies: user=admin, session=cea7319b-cb2a-4434-bde1-d7351ace682a, expected=cea7319b-cb2a-4434-bde1-d7351ace682a
2025-08-29T14:45:59.767Z [INFO] Cookies: user=admin, session=cea7319b-cb2a-4434-bde1-d7351ace682a, expected=cea7319b-cb2a-4434-bde1-d7351ace682a
2025-08-29T14:45:59.816Z [INFO] Cookies: user=admin, session=cea7319b-cb2a-4434-bde1-d7351ace682a, expected=cea7319b-cb2a-4434-bde1-d7351ace682a
2025-08-29T14:45:59.867Z [INFO] Cookies: user=admin, session=cea7319b-cb2a-4434-bde1-d7351ace682a, expected=cea7319b-cb2a-4434-bde1-d7351ace682a
2025-08-29T14:45:59.905Z [INFO] Cookies: user=admin, session=cea7319b-cb2a-4434-bde1-d7351ace682a, expected=cea7319b-cb2a-4434-bde1-d7351ace682a
2025-08-29T14:45:59.967Z [INFO] Cookies: user=admin, session=cea7319b-cb2a-4434-bde1-d7351ace682a, expected=cea7319b-cb2a-4434-bde1-d7351ace682a
2025-08-29T14:46:00.006Z [INFO] Cookies: user=admin, session=cea7319b-cb2a-4434-bde1-d7351ace682a, expected=cea7319b-cb2a-4434-bde1-d7351ace682a
2025-08-29T14:46:00.063Z [INFO] Cookies: user=admin, session=cea7319b-cb2a-4434-bde1-d7351ace682a, expected=cea7319b-cb2a-4434-bde1-d7351ace682a
2025-08-29T14:46:00.121Z [INFO] Cookies: user=admin, session=cea7319b-cb2a-4434-bde1-d7351ace682a, expected=cea7319b-cb2a-4434-bde1-d7351ace682a
2025-08-29T14:46:07.644Z [INFO] Cookies: user=admin, session=cea7319b-cb2a-4434-bde1-d7351ace682a, expected=cea7319b-cb2a-4434-bde1-d7351ace682a
2025-08-29T14:46:07.644Z [INFO] user authenticated by middleware from 127.0.0.1 with session ID cea7319b-cb2a-4434-bde1-d7351ace682a and username admin
2025-08-29T14:46:07.706Z [INFO] Cookies: user=admin, session=cea7319b-cb2a-4434-bde1-d7351ace682a, expected=cea7319b-cb2a-4434-bde1-d7351ace682a
2025-08-29T14:46:07.945Z [INFO] Cookies: user=admin, session=cea7319b-cb2a-4434-bde1-d7351ace682a, expected=cea7319b-cb2a-4434-bde1-d7351ace682a
2025-08-29T14:46:07.983Z [INFO] Cookies: user=admin, session=cea7319b-cb2a-4434-bde1-d7351ace682a, expected=cea7319b-cb2a-4434-bde1-d7351ace682a
2025-08-29T14:46:08.035Z [INFO] Cookies: user=admin, session=cea7319b-cb2a-4434-bde1-d7351ace682a, expected=cea7319b-cb2a-4434-bde1-d7351ace682a
2025-08-29T14:46:08.069Z [INFO] Cookies: user=admin, session=cea7319b-cb2a-4434-bde1-d7351ace682a, expected=cea7319b-cb2a-4434-bde1-d7351ace682a
2025-08-29T14:46:08.107Z [INFO] Cookies: user=admin, session=cea7319b-cb2a-4434-bde1-d7351ace682a, expected=cea7319b-cb2a-4434-bde1-d7351ace682a
2025-08-29T14:46:08.153Z [INFO] Cookies: user=admin, session=cea7319b-cb2a-4434-bde1-d7351ace682a, expected=cea7319b-cb2a-4434-bde1-d7351ace682a
2025-08-29T14:46:08.200Z [INFO] Cookies: user=admin, session=cea7319b-cb2a-4434-bde1-d7351ace682a, expected=cea7319b-cb2a-4434-bde1-d7351ace682a
2025-08-29T14:46:08.238Z [INFO] Cookies: user=admin, session=cea7319b-cb2a-4434-bde1-d7351ace682a, expected=cea7319b-cb2a-4434-bde1-d7351ace682a
2025-08-29T14:46:08.283Z [INFO] Cookies: user=admin, session=cea7319b-cb2a-4434-bde1-d7351ace682a, expected=cea7319b-cb2a-4434-bde1-d7351ace682a
2025-08-29T14:46:08.333Z [INFO] Cookies: user=admin, session=cea7319b-cb2a-4434-bde1-d7351ace682a, expected=cea7319b-cb2a-4434-bde1-d7351ace682a
2025-08-29T14:46:08.383Z [INFO] Cookies: user=admin, session=cea7319b-cb2a-4434-bde1-d7351ace682a, expected=cea7319b-cb2a-4434-bde1-d7351ace682a
2025-08-29T14:46:08.437Z [INFO] Cookies: user=admin, session=cea7319b-cb2a-4434-bde1-d7351ace682a, expected=cea7319b-cb2a-4434-bde1-d7351ace682a
2025-08-29T14:46:08.438Z [INFO] Cookies: user=admin, session=cea7319b-cb2a-4434-bde1-d7351ace682a, expected=cea7319b-cb2a-4434-bde1-d7351ace682a
2025-08-29T14:46:08.440Z [INFO] Cookies: user=admin, session=cea7319b-cb2a-4434-bde1-d7351ace682a, expected=cea7319b-cb2a-4434-bde1-d7351ace682a
2025-08-29T14:46:08.440Z [INFO] Cookies: user=admin, session=cea7319b-cb2a-4434-bde1-d7351ace682a, expected=cea7319b-cb2a-4434-bde1-d7351ace682a
2025-08-29T14:46:08.442Z [INFO] Cookies: user=admin, session=cea7319b-cb2a-4434-bde1-d7351ace682a, expected=cea7319b-cb2a-4434-bde1-d7351ace682a
2025-08-29T14:46:08.443Z [INFO] Cookies: user=admin, session=cea7319b-cb2a-4434-bde1-d7351ace682a, expected=cea7319b-cb2a-4434-bde1-d7351ace682a
2025-08-29T14:46:08.446Z [INFO] Cookies: user=admin, session=cea7319b-cb2a-4434-bde1-d7351ace682a, expected=cea7319b-cb2a-4434-bde1-d7351ace682a
2025-08-29T14:46:08.446Z [INFO] Cookies: user=admin, session=cea7319b-cb2a-4434-bde1-d7351ace682a, expected=cea7319b-cb2a-4434-bde1-d7351ace682a
2025-08-29T14:46:08.446Z [INFO] Cookies: user=admin, session=cea7319b-cb2a-4434-bde1-d7351ace682a, expected=cea7319b-cb2a-4434-bde1-d7351ace682a
2025-08-29T14:46:08.446Z [INFO] Cookies: user=admin, session=cea7319b-cb2a-4434-bde1-d7351ace682a, expected=cea7319b-cb2a-4434-bde1-d7351ace682a
2025-08-29T14:46:08.447Z [INFO] Cookies: user=admin, session=cea7319b-cb2a-4434-bde1-d7351ace682a, expected=cea7319b-cb2a-4434-bde1-d7351ace682a
2025-08-29T14:46:08.447Z [INFO] Cookies: user=admin, session=cea7319b-cb2a-4434-bde1-d7351ace682a, expected=cea7319b-cb2a-4434-bde1-d7351ace682a
2025-08-29T14:46:08.478Z [INFO] Cookies: user=admin, session=cea7319b-cb2a-4434-bde1-d7351ace682a, expected=cea7319b-cb2a-4434-bde1-d7351ace682a
2025-08-29T14:46:08.486Z [INFO] Cookies: user=admin, session=cea7319b-cb2a-4434-bde1-d7351ace682a, expected=cea7319b-cb2a-4434-bde1-d7351ace682a
2025-08-29T14:46:08.487Z [INFO] Cookies: user=admin, session=cea7319b-cb2a-4434-bde1-d7351ace682a, expected=cea7319b-cb2a-4434-bde1-d7351ace682a
2025-08-29T14:46:08.487Z [INFO] Cookies: user=admin, session=cea7319b-cb2a-4434-bde1-d7351ace682a, expected=cea7319b-cb2a-4434-bde1-d7351ace682a
2025-08-29T14:46:08.487Z [INFO] Cookies: user=admin, session=cea7319b-cb2a-4434-bde1-d7351ace682a, expected=cea7319b-cb2a-4434-bde1-d7351ace682a
2025-08-29T14:46:08.490Z [INFO] Cookies: user=admin, session=cea7319b-cb2a-4434-bde1-d7351ace682a, expected=cea7319b-cb2a-4434-bde1-d7351ace682a
2025-08-29T14:46:08.490Z [INFO] Cookies: user=admin, session=cea7319b-cb2a-4434-bde1-d7351ace682a, expected=cea7319b-cb2a-4434-bde1-d7351ace682a
2025-08-29T14:46:08.498Z [INFO] Cookies: user=admin, session=cea7319b-cb2a-4434-bde1-d7351ace682a, expected=cea7319b-cb2a-4434-bde1-d7351ace682a
2025-08-29T14:46:08.498Z [INFO] Cookies: user=admin, session=cea7319b-cb2a-4434-bde1-d7351ace682a, expected=cea7319b-cb2a-4434-bde1-d7351ace682a
2025-08-29T14:46:08.501Z [INFO] Cookies: user=admin, session=cea7319b-cb2a-4434-bde1-d7351ace682a, expected=cea7319b-cb2a-4434-bde1-d7351ace682a
2025-08-29T14:46:08.501Z [INFO] Cookies: user=admin, session=cea7319b-cb2a-4434-bde1-d7351ace682a, expected=cea7319b-cb2a-4434-bde1-d7351ace682a
2025-08-29T14:46:08.521Z [INFO] Cookies: user=admin, session=cea7319b-cb2a-4434-bde1-d7351ace682a, expected=cea7319b-cb2a-4434-bde1-d7351ace682a
2025-08-29T14:46:08.522Z [INFO] Cookies: user=admin, session=cea7319b-cb2a-4434-bde1-d7351ace682a, expected=cea7319b-cb2a-4434-bde1-d7351ace682a
2025-08-29T14:46:08.528Z [INFO] Cookies: user=admin, session=cea7319b-cb2a-4434-bde1-d7351ace682a, expected=cea7319b-cb2a-4434-bde1-d7351ace682a
2025-08-29T14:46:08.536Z [INFO] Cookies: user=admin, session=cea7319b-cb2a-4434-bde1-d7351ace682a, expected=cea7319b-cb2a-4434-bde1-d7351ace682a
2025-08-29T14:46:08.537Z [INFO] Cookies: user=admin, session=cea7319b-cb2a-4434-bde1-d7351ace682a, expected=cea7319b-cb2a-4434-bde1-d7351ace682a
2025-08-29T14:46:08.571Z [INFO] Cookies: user=admin, session=cea7319b-cb2a-4434-bde1-d7351ace682a, expected=cea7319b-cb2a-4434-bde1-d7351ace682a
2025-08-29T14:46:08.607Z [INFO] Cookies: user=admin, session=cea7319b-cb2a-4434-bde1-d7351ace682a, expected=cea7319b-cb2a-4434-bde1-d7351ace682a
2025-08-29T14:46:08.674Z [INFO] Cookies: user=admin, session=cea7319b-cb2a-4434-bde1-d7351ace682a, expected=cea7319b-cb2a-4434-bde1-d7351ace682a
2025-08-29T14:46:08.683Z [INFO] Cookies: user=admin, session=cea7319b-cb2a-4434-bde1-d7351ace682a, expected=cea7319b-cb2a-4434-bde1-d7351ace682a
2025-08-29T14:46:08.685Z [INFO] Cookies: user=admin, session=cea7319b-cb2a-4434-bde1-d7351ace682a, expected=cea7319b-cb2a-4434-bde1-d7351ace682a
2025-08-29T14:46:08.687Z [INFO] Cookies: user=admin, session=cea7319b-cb2a-4434-bde1-d7351ace682a, expected=cea7319b-cb2a-4434-bde1-d7351ace682a
2025-08-29T14:46:08.687Z [INFO] Cookies: user=admin, session=cea7319b-cb2a-4434-bde1-d7351ace682a, expected=cea7319b-cb2a-4434-bde1-d7351ace682a
2025-08-29T14:46:08.689Z [INFO] Cookies: user=admin, session=cea7319b-cb2a-4434-bde1-d7351ace682a, expected=cea7319b-cb2a-4434-bde1-d7351ace682a
2025-08-29T14:46:08.757Z [INFO] Cookies: user=admin, session=cea7319b-cb2a-4434-bde1-d7351ace682a, expected=cea7319b-cb2a-4434-bde1-d7351ace682a
2025-08-29T14:46:08.760Z [INFO] Cookies: user=admin, session=cea7319b-cb2a-4434-bde1-d7351ace682a, expected=cea7319b-cb2a-4434-bde1-d7351ace682a
2025-08-29T14:46:08.830Z [INFO] Cookies: user=admin, session=cea7319b-cb2a-4434-bde1-d7351ace682a, expected=cea7319b-cb2a-4434-bde1-d7351ace682a
2025-08-29T14:46:08.858Z [INFO] Cookies: user=admin, session=cea7319b-cb2a-4434-bde1-d7351ace682a, expected=cea7319b-cb2a-4434-bde1-d7351ace682a
2025-08-29T14:46:08.858Z [INFO] Cookies: user=admin, session=cea7319b-cb2a-4434-bde1-d7351ace682a, expected=cea7319b-cb2a-4434-bde1-d7351ace682a
2025-08-29T14:46:08.875Z [INFO] Cookies: user=admin, session=cea7319b-cb2a-4434-bde1-d7351ace682a, expected=cea7319b-cb2a-4434-bde1-d7351ace682a
2025-08-29T14:46:08.875Z [INFO] Cookies: user=admin, session=cea7319b-cb2a-4434-bde1-d7351ace682a, expected=cea7319b-cb2a-4434-bde1-d7351ace682a
2025-08-29T14:46:08.949Z [INFO] Cookies: user=admin, session=cea7319b-cb2a-4434-bde1-d7351ace682a, expected=cea7319b-cb2a-4434-bde1-d7351ace682a
2025-08-29T14:46:45.093Z [INFO] Cookies: user=admin, session=cea7319b-cb2a-4434-bde1-d7351ace682a, expected=cea7319b-cb2a-4434-bde1-d7351ace682a
2025-08-29T14:46:45.094Z [INFO] user authenticated by middleware from 127.0.0.1 with session ID cea7319b-cb2a-4434-bde1-d7351ace682a and username admin
2025-08-29T14:46:45.158Z [INFO] Cookies: user=admin, session=cea7319b-cb2a-4434-bde1-d7351ace682a, expected=cea7319b-cb2a-4434-bde1-d7351ace682a
2025-08-29T14:46:45.401Z [INFO] Cookies: user=admin, session=cea7319b-cb2a-4434-bde1-d7351ace682a, expected=cea7319b-cb2a-4434-bde1-d7351ace682a
2025-08-29T14:46:45.436Z [INFO] Cookies: user=admin, session=cea7319b-cb2a-4434-bde1-d7351ace682a, expected=cea7319b-cb2a-4434-bde1-d7351ace682a
2025-08-29T14:46:45.513Z [INFO] Cookies: user=admin, session=cea7319b-cb2a-4434-bde1-d7351ace682a, expected=cea7319b-cb2a-4434-bde1-d7351ace682a
2025-08-29T14:46:45.567Z [INFO] Cookies: user=admin, session=cea7319b-cb2a-4434-bde1-d7351ace682a, expected=cea7319b-cb2a-4434-bde1-d7351ace682a
2025-08-29T14:46:45.608Z [INFO] Cookies: user=admin, session=cea7319b-cb2a-4434-bde1-d7351ace682a, expected=cea7319b-cb2a-4434-bde1-d7351ace682a
2025-08-29T14:46:45.654Z [INFO] Cookies: user=admin, session=cea7319b-cb2a-4434-bde1-d7351ace682a, expected=cea7319b-cb2a-4434-bde1-d7351ace682a
2025-08-29T14:46:45.698Z [INFO] Cookies: user=admin, session=cea7319b-cb2a-4434-bde1-d7351ace682a, expected=cea7319b-cb2a-4434-bde1-d7351ace682a
2025-08-29T14:46:45.779Z [INFO] Cookies: user=admin, session=cea7319b-cb2a-4434-bde1-d7351ace682a, expected=cea7319b-cb2a-4434-bde1-d7351ace682a
2025-08-29T14:46:45.844Z [INFO] Cookies: user=admin, session=cea7319b-cb2a-4434-bde1-d7351ace682a, expected=cea7319b-cb2a-4434-bde1-d7351ace682a
2025-08-29T14:46:45.905Z [INFO] Cookies: user=admin, session=cea7319b-cb2a-4434-bde1-d7351ace682a, expected=cea7319b-cb2a-4434-bde1-d7351ace682a
2025-08-29T14:46:45.951Z [INFO] Cookies: user=admin, session=cea7319b-cb2a-4434-bde1-d7351ace682a, expected=cea7319b-cb2a-4434-bde1-d7351ace682a
2025-08-29T14:46:46.000Z [INFO] Cookies: user=admin, session=cea7319b-cb2a-4434-bde1-d7351ace682a, expected=cea7319b-cb2a-4434-bde1-d7351ace682a
2025-08-29T14:46:46.056Z [INFO] Cookies: user=admin, session=cea7319b-cb2a-4434-bde1-d7351ace682a, expected=cea7319b-cb2a-4434-bde1-d7351ace682a
2025-08-29T14:46:46.102Z [INFO] Cookies: user=admin, session=cea7319b-cb2a-4434-bde1-d7351ace682a, expected=cea7319b-cb2a-4434-bde1-d7351ace682a
2025-08-29T14:46:46.150Z [INFO] Cookies: user=admin, session=cea7319b-cb2a-4434-bde1-d7351ace682a, expected=cea7319b-cb2a-4434-bde1-d7351ace682a
2025-08-29T14:46:46.206Z [INFO] Cookies: user=admin, session=cea7319b-cb2a-4434-bde1-d7351ace682a, expected=cea7319b-cb2a-4434-bde1-d7351ace682a
2025-08-29T14:46:46.252Z [INFO] Cookies: user=admin, session=cea7319b-cb2a-4434-bde1-d7351ace682a, expected=cea7319b-cb2a-4434-bde1-d7351ace682a
2025-08-29T14:46:46.299Z [INFO] Cookies: user=admin, session=cea7319b-cb2a-4434-bde1-d7351ace682a, expected=cea7319b-cb2a-4434-bde1-d7351ace682a
2025-08-29T14:46:46.360Z [INFO] Cookies: user=admin, session=cea7319b-cb2a-4434-bde1-d7351ace682a, expected=cea7319b-cb2a-4434-bde1-d7351ace682a
2025-08-29T14:48:18.825Z [INFO] Cookies: user=admin, session=cea7319b-cb2a-4434-bde1-d7351ace682a, expected=cea7319b-cb2a-4434-bde1-d7351ace682a
2025-08-29T14:48:18.826Z [INFO] user authenticated by middleware from 127.0.0.1 with session ID cea7319b-cb2a-4434-bde1-d7351ace682a and username admin
2025-08-29T14:48:18.898Z [INFO] Cookies: user=admin, session=cea7319b-cb2a-4434-bde1-d7351ace682a, expected=cea7319b-cb2a-4434-bde1-d7351ace682a
2025-08-29T14:48:19.132Z [INFO] Cookies: user=admin, session=cea7319b-cb2a-4434-bde1-d7351ace682a, expected=cea7319b-cb2a-4434-bde1-d7351ace682a
2025-08-29T14:48:19.168Z [INFO] Cookies: user=admin, session=cea7319b-cb2a-4434-bde1-d7351ace682a, expected=cea7319b-cb2a-4434-bde1-d7351ace682a
2025-08-29T14:48:19.250Z [INFO] Cookies: user=admin, session=cea7319b-cb2a-4434-bde1-d7351ace682a, expected=cea7319b-cb2a-4434-bde1-d7351ace682a
2025-08-29T14:48:19.298Z [INFO] Cookies: user=admin, session=cea7319b-cb2a-4434-bde1-d7351ace682a, expected=cea7319b-cb2a-4434-bde1-d7351ace682a
2025-08-29T14:48:19.353Z [INFO] Cookies: user=admin, session=cea7319b-cb2a-4434-bde1-d7351ace682a, expected=cea7319b-cb2a-4434-bde1-d7351ace682a
2025-08-29T14:48:19.400Z [INFO] Cookies: user=admin, session=cea7319b-cb2a-4434-bde1-d7351ace682a, expected=cea7319b-cb2a-4434-bde1-d7351ace682a
2025-08-29T14:48:19.438Z [INFO] Cookies: user=admin, session=cea7319b-cb2a-4434-bde1-d7351ace682a, expected=cea7319b-cb2a-4434-bde1-d7351ace682a
2025-08-29T14:48:19.480Z [INFO] Cookies: user=admin, session=cea7319b-cb2a-4434-bde1-d7351ace682a, expected=cea7319b-cb2a-4434-bde1-d7351ace682a
2025-08-29T14:48:19.534Z [INFO] Cookies: user=admin, session=cea7319b-cb2a-4434-bde1-d7351ace682a, expected=cea7319b-cb2a-4434-bde1-d7351ace682a
2025-08-29T14:48:19.583Z [INFO] Cookies: user=admin, session=cea7319b-cb2a-4434-bde1-d7351ace682a, expected=cea7319b-cb2a-4434-bde1-d7351ace682a
2025-08-29T14:48:19.619Z [INFO] Cookies: user=admin, session=cea7319b-cb2a-4434-bde1-d7351ace682a, expected=cea7319b-cb2a-4434-bde1-d7351ace682a
2025-08-29T14:48:19.667Z [INFO] Cookies: user=admin, session=cea7319b-cb2a-4434-bde1-d7351ace682a, expected=cea7319b-cb2a-4434-bde1-d7351ace682a
2025-08-29T14:48:19.717Z [INFO] Cookies: user=admin, session=cea7319b-cb2a-4434-bde1-d7351ace682a, expected=cea7319b-cb2a-4434-bde1-d7351ace682a
2025-08-29T14:48:19.777Z [INFO] Cookies: user=admin, session=cea7319b-cb2a-4434-bde1-d7351ace682a, expected=cea7319b-cb2a-4434-bde1-d7351ace682a
2025-08-29T14:48:19.839Z [INFO] Cookies: user=admin, session=cea7319b-cb2a-4434-bde1-d7351ace682a, expected=cea7319b-cb2a-4434-bde1-d7351ace682a
2025-08-29T14:48:19.887Z [INFO] Cookies: user=admin, session=cea7319b-cb2a-4434-bde1-d7351ace682a, expected=cea7319b-cb2a-4434-bde1-d7351ace682a
2025-08-29T14:48:19.931Z [INFO] Cookies: user=admin, session=cea7319b-cb2a-4434-bde1-d7351ace682a, expected=cea7319b-cb2a-4434-bde1-d7351ace682a
2025-08-29T14:48:19.977Z [INFO] Cookies: user=admin, session=cea7319b-cb2a-4434-bde1-d7351ace682a, expected=cea7319b-cb2a-4434-bde1-d7351ace682a
2025-08-29T14:48:20.017Z [INFO] Cookies: user=admin, session=cea7319b-cb2a-4434-bde1-d7351ace682a, expected=cea7319b-cb2a-4434-bde1-d7351ace682a
2025-08-29T14:48:30.812Z [INFO] user authenticated by middleware from 127.0.0.1 with session ID cea7319b-cb2a-4434-bde1-d7351ace682a and username admin
2025-08-29T14:48:30.812Z [INFO] Cookies: user=admin, session=cea7319b-cb2a-4434-bde1-d7351ace682a, expected=cea7319b-cb2a-4434-bde1-d7351ace682a
2025-08-29T14:48:30.874Z [INFO] Cookies: user=admin, session=cea7319b-cb2a-4434-bde1-d7351ace682a, expected=cea7319b-cb2a-4434-bde1-d7351ace682a
2025-08-29T14:48:31.116Z [INFO] Cookies: user=admin, session=cea7319b-cb2a-4434-bde1-d7351ace682a, expected=cea7319b-cb2a-4434-bde1-d7351ace682a
2025-08-29T14:48:31.147Z [INFO] Cookies: user=admin, session=cea7319b-cb2a-4434-bde1-d7351ace682a, expected=cea7319b-cb2a-4434-bde1-d7351ace682a
2025-08-29T14:48:31.217Z [INFO] Cookies: user=admin, session=cea7319b-cb2a-4434-bde1-d7351ace682a, expected=cea7319b-cb2a-4434-bde1-d7351ace682a
2025-08-29T14:48:31.250Z [INFO] Cookies: user=admin, session=cea7319b-cb2a-4434-bde1-d7351ace682a, expected=cea7319b-cb2a-4434-bde1-d7351ace682a
2025-08-29T14:48:31.286Z [INFO] Cookies: user=admin, session=cea7319b-cb2a-4434-bde1-d7351ace682a, expected=cea7319b-cb2a-4434-bde1-d7351ace682a
2025-08-29T14:48:31.332Z [INFO] Cookies: user=admin, session=cea7319b-cb2a-4434-bde1-d7351ace682a, expected=cea7319b-cb2a-4434-bde1-d7351ace682a
2025-08-29T14:48:31.381Z [INFO] Cookies: user=admin, session=cea7319b-cb2a-4434-bde1-d7351ace682a, expected=cea7319b-cb2a-4434-bde1-d7351ace682a
2025-08-29T14:48:31.430Z [INFO] Cookies: user=admin, session=cea7319b-cb2a-4434-bde1-d7351ace682a, expected=cea7319b-cb2a-4434-bde1-d7351ace682a
2025-08-29T14:48:31.484Z [INFO] Cookies: user=admin, session=cea7319b-cb2a-4434-bde1-d7351ace682a, expected=cea7319b-cb2a-4434-bde1-d7351ace682a
2025-08-29T14:48:31.533Z [INFO] Cookies: user=admin, session=cea7319b-cb2a-4434-bde1-d7351ace682a, expected=cea7319b-cb2a-4434-bde1-d7351ace682a
2025-08-29T14:48:31.585Z [INFO] Cookies: user=admin, session=cea7319b-cb2a-4434-bde1-d7351ace682a, expected=cea7319b-cb2a-4434-bde1-d7351ace682a
2025-08-29T14:48:31.633Z [INFO] Cookies: user=admin, session=cea7319b-cb2a-4434-bde1-d7351ace682a, expected=cea7319b-cb2a-4434-bde1-d7351ace682a
2025-08-29T14:48:31.703Z [INFO] Cookies: user=admin, session=cea7319b-cb2a-4434-bde1-d7351ace682a, expected=cea7319b-cb2a-4434-bde1-d7351ace682a
2025-08-29T14:48:31.746Z [INFO] Cookies: user=admin, session=cea7319b-cb2a-4434-bde1-d7351ace682a, expected=cea7319b-cb2a-4434-bde1-d7351ace682a
2025-08-29T14:48:31.800Z [INFO] Cookies: user=admin, session=cea7319b-cb2a-4434-bde1-d7351ace682a, expected=cea7319b-cb2a-4434-bde1-d7351ace682a
2025-08-29T14:48:31.847Z [INFO] Cookies: user=admin, session=cea7319b-cb2a-4434-bde1-d7351ace682a, expected=cea7319b-cb2a-4434-bde1-d7351ace682a
2025-08-29T14:48:31.899Z [INFO] Cookies: user=admin, session=cea7319b-cb2a-4434-bde1-d7351ace682a, expected=cea7319b-cb2a-4434-bde1-d7351ace682a
2025-08-29T14:48:31.954Z [INFO] Cookies: user=admin, session=cea7319b-cb2a-4434-bde1-d7351ace682a, expected=cea7319b-cb2a-4434-bde1-d7351ace682a
2025-08-29T14:48:32.006Z [INFO] Cookies: user=admin, session=cea7319b-cb2a-4434-bde1-d7351ace682a, expected=cea7319b-cb2a-4434-bde1-d7351ace682a
2025-08-29T14:52:08.250Z [INFO] Cookies: user=admin, session=cea7319b-cb2a-4434-bde1-d7351ace682a, expected=cea7319b-cb2a-4434-bde1-d7351ace682a
2025-08-29T14:52:08.251Z [INFO] user authenticated by middleware from 127.0.0.1 with session ID cea7319b-cb2a-4434-bde1-d7351ace682a and username admin
2025-08-29T14:52:08.328Z [INFO] Cookies: user=admin, session=cea7319b-cb2a-4434-bde1-d7351ace682a, expected=cea7319b-cb2a-4434-bde1-d7351ace682a
2025-08-29T14:52:08.573Z [INFO] Cookies: user=admin, session=cea7319b-cb2a-4434-bde1-d7351ace682a, expected=cea7319b-cb2a-4434-bde1-d7351ace682a
2025-08-29T14:52:08.619Z [INFO] Cookies: user=admin, session=cea7319b-cb2a-4434-bde1-d7351ace682a, expected=cea7319b-cb2a-4434-bde1-d7351ace682a
2025-08-29T14:52:08.676Z [INFO] Cookies: user=admin, session=cea7319b-cb2a-4434-bde1-d7351ace682a, expected=cea7319b-cb2a-4434-bde1-d7351ace682a
2025-08-29T14:52:08.726Z [INFO] Cookies: user=admin, session=cea7319b-cb2a-4434-bde1-d7351ace682a, expected=cea7319b-cb2a-4434-bde1-d7351ace682a
2025-08-29T14:52:08.775Z [INFO] Cookies: user=admin, session=cea7319b-cb2a-4434-bde1-d7351ace682a, expected=cea7319b-cb2a-4434-bde1-d7351ace682a
2025-08-29T14:52:08.837Z [INFO] Cookies: user=admin, session=cea7319b-cb2a-4434-bde1-d7351ace682a, expected=cea7319b-cb2a-4434-bde1-d7351ace682a
2025-08-29T14:52:08.885Z [INFO] Cookies: user=admin, session=cea7319b-cb2a-4434-bde1-d7351ace682a, expected=cea7319b-cb2a-4434-bde1-d7351ace682a
2025-08-29T14:52:08.933Z [INFO] Cookies: user=admin, session=cea7319b-cb2a-4434-bde1-d7351ace682a, expected=cea7319b-cb2a-4434-bde1-d7351ace682a
2025-08-29T14:52:08.988Z [INFO] Cookies: user=admin, session=cea7319b-cb2a-4434-bde1-d7351ace682a, expected=cea7319b-cb2a-4434-bde1-d7351ace682a
2025-08-29T14:52:09.039Z [INFO] Cookies: user=admin, session=cea7319b-cb2a-4434-bde1-d7351ace682a, expected=cea7319b-cb2a-4434-bde1-d7351ace682a
2025-08-29T14:52:09.092Z [INFO] Cookies: user=admin, session=cea7319b-cb2a-4434-bde1-d7351ace682a, expected=cea7319b-cb2a-4434-bde1-d7351ace682a
2025-08-29T14:52:09.153Z [INFO] Cookies: user=admin, session=cea7319b-cb2a-4434-bde1-d7351ace682a, expected=cea7319b-cb2a-4434-bde1-d7351ace682a
2025-08-29T14:52:09.203Z [INFO] Cookies: user=admin, session=cea7319b-cb2a-4434-bde1-d7351ace682a, expected=cea7319b-cb2a-4434-bde1-d7351ace682a
2025-08-29T14:52:09.253Z [INFO] Cookies: user=admin, session=cea7319b-cb2a-4434-bde1-d7351ace682a, expected=cea7319b-cb2a-4434-bde1-d7351ace682a
2025-08-29T14:52:09.342Z [INFO] Cookies: user=admin, session=cea7319b-cb2a-4434-bde1-d7351ace682a, expected=cea7319b-cb2a-4434-bde1-d7351ace682a
2025-08-29T14:52:09.385Z [INFO] Cookies: user=admin, session=cea7319b-cb2a-4434-bde1-d7351ace682a, expected=cea7319b-cb2a-4434-bde1-d7351ace682a
2025-08-29T14:52:09.422Z [INFO] Cookies: user=admin, session=cea7319b-cb2a-4434-bde1-d7351ace682a, expected=cea7319b-cb2a-4434-bde1-d7351ace682a
2025-08-29T14:52:09.464Z [INFO] Cookies: user=admin, session=cea7319b-cb2a-4434-bde1-d7351ace682a, expected=cea7319b-cb2a-4434-bde1-d7351ace682a
2025-08-29T14:52:09.505Z [INFO] Cookies: user=admin, session=cea7319b-cb2a-4434-bde1-d7351ace682a, expected=cea7319b-cb2a-4434-bde1-d7351ace682a
2025-08-29T14:52:14.842Z [INFO] user authenticated by middleware from 127.0.0.1 with session ID cea7319b-cb2a-4434-bde1-d7351ace682a and username admin
2025-08-29T14:52:14.842Z [INFO] Cookies: user=admin, session=cea7319b-cb2a-4434-bde1-d7351ace682a, expected=cea7319b-cb2a-4434-bde1-d7351ace682a
2025-08-29T14:52:14.895Z [INFO] Cookies: user=admin, session=cea7319b-cb2a-4434-bde1-d7351ace682a, expected=cea7319b-cb2a-4434-bde1-d7351ace682a
2025-08-29T14:52:15.135Z [INFO] Cookies: user=admin, session=cea7319b-cb2a-4434-bde1-d7351ace682a, expected=cea7319b-cb2a-4434-bde1-d7351ace682a
2025-08-29T14:52:15.169Z [INFO] Cookies: user=admin, session=cea7319b-cb2a-4434-bde1-d7351ace682a, expected=cea7319b-cb2a-4434-bde1-d7351ace682a
2025-08-29T14:52:15.236Z [INFO] Cookies: user=admin, session=cea7319b-cb2a-4434-bde1-d7351ace682a, expected=cea7319b-cb2a-4434-bde1-d7351ace682a
2025-08-29T14:52:15.267Z [INFO] Cookies: user=admin, session=cea7319b-cb2a-4434-bde1-d7351ace682a, expected=cea7319b-cb2a-4434-bde1-d7351ace682a
2025-08-29T14:52:15.309Z [INFO] Cookies: user=admin, session=cea7319b-cb2a-4434-bde1-d7351ace682a, expected=cea7319b-cb2a-4434-bde1-d7351ace682a
2025-08-29T14:52:15.393Z [INFO] Cookies: user=admin, session=cea7319b-cb2a-4434-bde1-d7351ace682a, expected=cea7319b-cb2a-4434-bde1-d7351ace682a
2025-08-29T14:52:15.452Z [INFO] Cookies: user=admin, session=cea7319b-cb2a-4434-bde1-d7351ace682a, expected=cea7319b-cb2a-4434-bde1-d7351ace682a
2025-08-29T14:52:15.488Z [INFO] Cookies: user=admin, session=cea7319b-cb2a-4434-bde1-d7351ace682a, expected=cea7319b-cb2a-4434-bde1-d7351ace682a
2025-08-29T14:52:15.536Z [INFO] Cookies: user=admin, session=cea7319b-cb2a-4434-bde1-d7351ace682a, expected=cea7319b-cb2a-4434-bde1-d7351ace682a
2025-08-29T14:52:15.570Z [INFO] Cookies: user=admin, session=cea7319b-cb2a-4434-bde1-d7351ace682a, expected=cea7319b-cb2a-4434-bde1-d7351ace682a
2025-08-29T14:52:15.610Z [INFO] Cookies: user=admin, session=cea7319b-cb2a-4434-bde1-d7351ace682a, expected=cea7319b-cb2a-4434-bde1-d7351ace682a
2025-08-29T14:52:15.658Z [INFO] Cookies: user=admin, session=cea7319b-cb2a-4434-bde1-d7351ace682a, expected=cea7319b-cb2a-4434-bde1-d7351ace682a
2025-08-29T14:52:15.706Z [INFO] Cookies: user=admin, session=cea7319b-cb2a-4434-bde1-d7351ace682a, expected=cea7319b-cb2a-4434-bde1-d7351ace682a
2025-08-29T14:52:15.752Z [INFO] Cookies: user=admin, session=cea7319b-cb2a-4434-bde1-d7351ace682a, expected=cea7319b-cb2a-4434-bde1-d7351ace682a
2025-08-29T14:52:15.819Z [INFO] Cookies: user=admin, session=cea7319b-cb2a-4434-bde1-d7351ace682a, expected=cea7319b-cb2a-4434-bde1-d7351ace682a
2025-08-29T14:52:15.868Z [INFO] Cookies: user=admin, session=cea7319b-cb2a-4434-bde1-d7351ace682a, expected=cea7319b-cb2a-4434-bde1-d7351ace682a
2025-08-29T14:52:15.921Z [INFO] Cookies: user=admin, session=cea7319b-cb2a-4434-bde1-d7351ace682a, expected=cea7319b-cb2a-4434-bde1-d7351ace682a
2025-08-29T14:52:15.976Z [INFO] Cookies: user=admin, session=cea7319b-cb2a-4434-bde1-d7351ace682a, expected=cea7319b-cb2a-4434-bde1-d7351ace682a
2025-08-29T14:52:16.019Z [INFO] Cookies: user=admin, session=cea7319b-cb2a-4434-bde1-d7351ace682a, expected=cea7319b-cb2a-4434-bde1-d7351ace682a
2025-08-29T14:54:06.863Z [INFO] Cookies: user=admin, session=cea7319b-cb2a-4434-bde1-d7351ace682a, expected=cea7319b-cb2a-4434-bde1-d7351ace682a
2025-08-29T14:54:06.864Z [INFO] user authenticated by middleware from 127.0.0.1 with session ID cea7319b-cb2a-4434-bde1-d7351ace682a and username admin
2025-08-29T14:54:06.933Z [INFO] Cookies: user=admin, session=cea7319b-cb2a-4434-bde1-d7351ace682a, expected=cea7319b-cb2a-4434-bde1-d7351ace682a
2025-08-29T14:54:07.194Z [INFO] Cookies: user=admin, session=cea7319b-cb2a-4434-bde1-d7351ace682a, expected=cea7319b-cb2a-4434-bde1-d7351ace682a
2025-08-29T14:54:07.244Z [INFO] Cookies: user=admin, session=cea7319b-cb2a-4434-bde1-d7351ace682a, expected=cea7319b-cb2a-4434-bde1-d7351ace682a
2025-08-29T14:54:07.312Z [INFO] Cookies: user=admin, session=cea7319b-cb2a-4434-bde1-d7351ace682a, expected=cea7319b-cb2a-4434-bde1-d7351ace682a
2025-08-29T14:54:07.355Z [INFO] Cookies: user=admin, session=cea7319b-cb2a-4434-bde1-d7351ace682a, expected=cea7319b-cb2a-4434-bde1-d7351ace682a
2025-08-29T14:54:07.409Z [INFO] Cookies: user=admin, session=cea7319b-cb2a-4434-bde1-d7351ace682a, expected=cea7319b-cb2a-4434-bde1-d7351ace682a
2025-08-29T14:54:07.447Z [INFO] Cookies: user=admin, session=cea7319b-cb2a-4434-bde1-d7351ace682a, expected=cea7319b-cb2a-4434-bde1-d7351ace682a
2025-08-29T14:54:07.494Z [INFO] Cookies: user=admin, session=cea7319b-cb2a-4434-bde1-d7351ace682a, expected=cea7319b-cb2a-4434-bde1-d7351ace682a
2025-08-29T14:54:07.540Z [INFO] Cookies: user=admin, session=cea7319b-cb2a-4434-bde1-d7351ace682a, expected=cea7319b-cb2a-4434-bde1-d7351ace682a
2025-08-29T14:54:07.600Z [INFO] Cookies: user=admin, session=cea7319b-cb2a-4434-bde1-d7351ace682a, expected=cea7319b-cb2a-4434-bde1-d7351ace682a
2025-08-29T14:54:07.640Z [INFO] Cookies: user=admin, session=cea7319b-cb2a-4434-bde1-d7351ace682a, expected=cea7319b-cb2a-4434-bde1-d7351ace682a
2025-08-29T14:54:07.678Z [INFO] Cookies: user=admin, session=cea7319b-cb2a-4434-bde1-d7351ace682a, expected=cea7319b-cb2a-4434-bde1-d7351ace682a
2025-08-29T14:54:07.725Z [INFO] Cookies: user=admin, session=cea7319b-cb2a-4434-bde1-d7351ace682a, expected=cea7319b-cb2a-4434-bde1-d7351ace682a
2025-08-29T14:54:07.770Z [INFO] Cookies: user=admin, session=cea7319b-cb2a-4434-bde1-d7351ace682a, expected=cea7319b-cb2a-4434-bde1-d7351ace682a
2025-08-29T14:54:07.808Z [INFO] Cookies: user=admin, session=cea7319b-cb2a-4434-bde1-d7351ace682a, expected=cea7319b-cb2a-4434-bde1-d7351ace682a
2025-08-29T14:54:07.868Z [INFO] Cookies: user=admin, session=cea7319b-cb2a-4434-bde1-d7351ace682a, expected=cea7319b-cb2a-4434-bde1-d7351ace682a
2025-08-29T14:54:07.913Z [INFO] Cookies: user=admin, session=cea7319b-cb2a-4434-bde1-d7351ace682a, expected=cea7319b-cb2a-4434-bde1-d7351ace682a
2025-08-29T14:54:07.960Z [INFO] Cookies: user=admin, session=cea7319b-cb2a-4434-bde1-d7351ace682a, expected=cea7319b-cb2a-4434-bde1-d7351ace682a
2025-08-29T14:54:08.006Z [INFO] Cookies: user=admin, session=cea7319b-cb2a-4434-bde1-d7351ace682a, expected=cea7319b-cb2a-4434-bde1-d7351ace682a
2025-08-29T14:54:08.045Z [INFO] Cookies: user=admin, session=cea7319b-cb2a-4434-bde1-d7351ace682a, expected=cea7319b-cb2a-4434-bde1-d7351ace682a
2025-08-29T14:55:45.930Z [INFO] user authenticated by middleware from 127.0.0.1 with session ID cea7319b-cb2a-4434-bde1-d7351ace682a and username admin
2025-08-29T14:55:45.930Z [INFO] Cookies: user=admin, session=cea7319b-cb2a-4434-bde1-d7351ace682a, expected=cea7319b-cb2a-4434-bde1-d7351ace682a
2025-08-29T14:55:45.986Z [INFO] Cookies: user=admin, session=cea7319b-cb2a-4434-bde1-d7351ace682a, expected=cea7319b-cb2a-4434-bde1-d7351ace682a
2025-08-29T14:55:46.223Z [INFO] Cookies: user=admin, session=cea7319b-cb2a-4434-bde1-d7351ace682a, expected=cea7319b-cb2a-4434-bde1-d7351ace682a
2025-08-29T14:55:46.254Z [INFO] Cookies: user=admin, session=cea7319b-cb2a-4434-bde1-d7351ace682a, expected=cea7319b-cb2a-4434-bde1-d7351ace682a
2025-08-29T14:55:46.315Z [INFO] Cookies: user=admin, session=cea7319b-cb2a-4434-bde1-d7351ace682a, expected=cea7319b-cb2a-4434-bde1-d7351ace682a
2025-08-29T14:55:46.349Z [INFO] Cookies: user=admin, session=cea7319b-cb2a-4434-bde1-d7351ace682a, expected=cea7319b-cb2a-4434-bde1-d7351ace682a
2025-08-29T14:55:46.383Z [INFO] Cookies: user=admin, session=cea7319b-cb2a-4434-bde1-d7351ace682a, expected=cea7319b-cb2a-4434-bde1-d7351ace682a
2025-08-29T14:55:46.419Z [INFO] Cookies: user=admin, session=cea7319b-cb2a-4434-bde1-d7351ace682a, expected=cea7319b-cb2a-4434-bde1-d7351ace682a
2025-08-29T14:55:46.451Z [INFO] Cookies: user=admin, session=cea7319b-cb2a-4434-bde1-d7351ace682a, expected=cea7319b-cb2a-4434-bde1-d7351ace682a
2025-08-29T14:55:46.485Z [INFO] Cookies: user=admin, session=cea7319b-cb2a-4434-bde1-d7351ace682a, expected=cea7319b-cb2a-4434-bde1-d7351ace682a
2025-08-29T14:55:46.535Z [INFO] Cookies: user=admin, session=cea7319b-cb2a-4434-bde1-d7351ace682a, expected=cea7319b-cb2a-4434-bde1-d7351ace682a
2025-08-29T14:55:46.573Z [INFO] Cookies: user=admin, session=cea7319b-cb2a-4434-bde1-d7351ace682a, expected=cea7319b-cb2a-4434-bde1-d7351ace682a
2025-08-29T14:55:46.618Z [INFO] Cookies: user=admin, session=cea7319b-cb2a-4434-bde1-d7351ace682a, expected=cea7319b-cb2a-4434-bde1-d7351ace682a
2025-08-29T14:55:46.666Z [INFO] Cookies: user=admin, session=cea7319b-cb2a-4434-bde1-d7351ace682a, expected=cea7319b-cb2a-4434-bde1-d7351ace682a
2025-08-29T14:55:46.714Z [INFO] Cookies: user=admin, session=cea7319b-cb2a-4434-bde1-d7351ace682a, expected=cea7319b-cb2a-4434-bde1-d7351ace682a
2025-08-29T14:55:46.749Z [INFO] Cookies: user=admin, session=cea7319b-cb2a-4434-bde1-d7351ace682a, expected=cea7319b-cb2a-4434-bde1-d7351ace682a
2025-08-29T14:55:46.788Z [INFO] Cookies: user=admin, session=cea7319b-cb2a-4434-bde1-d7351ace682a, expected=cea7319b-cb2a-4434-bde1-d7351ace682a
2025-08-29T14:55:46.834Z [INFO] Cookies: user=admin, session=cea7319b-cb2a-4434-bde1-d7351ace682a, expected=cea7319b-cb2a-4434-bde1-d7351ace682a
2025-08-29T14:55:46.935Z [INFO] Cookies: user=admin, session=cea7319b-cb2a-4434-bde1-d7351ace682a, expected=cea7319b-cb2a-4434-bde1-d7351ace682a
2025-08-29T14:55:47.000Z [INFO] Cookies: user=admin, session=cea7319b-cb2a-4434-bde1-d7351ace682a, expected=cea7319b-cb2a-4434-bde1-d7351ace682a
2025-08-29T14:55:47.040Z [INFO] Cookies: user=admin, session=cea7319b-cb2a-4434-bde1-d7351ace682a, expected=cea7319b-cb2a-4434-bde1-d7351ace682a
2025-08-29T15:07:20.219Z [INFO] Cookies: user=admin, session=cea7319b-cb2a-4434-bde1-d7351ace682a, expected=cea7319b-cb2a-4434-bde1-d7351ace682a
2025-08-29T15:07:20.219Z [INFO] user authenticated by middleware from 127.0.0.1 with session ID cea7319b-cb2a-4434-bde1-d7351ace682a and username admin
2025-08-29T15:07:20.308Z [INFO] Cookies: user=admin, session=cea7319b-cb2a-4434-bde1-d7351ace682a, expected=cea7319b-cb2a-4434-bde1-d7351ace682a
2025-08-29T15:07:20.545Z [INFO] Cookies: user=admin, session=cea7319b-cb2a-4434-bde1-d7351ace682a, expected=cea7319b-cb2a-4434-bde1-d7351ace682a
2025-08-29T15:07:20.588Z [INFO] Cookies: user=admin, session=cea7319b-cb2a-4434-bde1-d7351ace682a, expected=cea7319b-cb2a-4434-bde1-d7351ace682a
2025-08-29T15:07:20.657Z [INFO] Cookies: user=admin, session=cea7319b-cb2a-4434-bde1-d7351ace682a, expected=cea7319b-cb2a-4434-bde1-d7351ace682a
2025-08-29T15:07:20.691Z [INFO] Cookies: user=admin, session=cea7319b-cb2a-4434-bde1-d7351ace682a, expected=cea7319b-cb2a-4434-bde1-d7351ace682a
2025-08-29T15:07:20.698Z [INFO] Cookies: user=admin, session=cea7319b-cb2a-4434-bde1-d7351ace682a, expected=cea7319b-cb2a-4434-bde1-d7351ace682a
2025-08-29T15:07:20.698Z [INFO] Cookies: user=admin, session=cea7319b-cb2a-4434-bde1-d7351ace682a, expected=cea7319b-cb2a-4434-bde1-d7351ace682a
2025-08-29T15:07:20.706Z [INFO] Cookies: user=admin, session=cea7319b-cb2a-4434-bde1-d7351ace682a, expected=cea7319b-cb2a-4434-bde1-d7351ace682a
2025-08-29T15:07:20.767Z [INFO] Cookies: user=admin, session=cea7319b-cb2a-4434-bde1-d7351ace682a, expected=cea7319b-cb2a-4434-bde1-d7351ace682a
2025-08-29T15:07:20.818Z [INFO] Cookies: user=admin, session=cea7319b-cb2a-4434-bde1-d7351ace682a, expected=cea7319b-cb2a-4434-bde1-d7351ace682a
2025-08-29T15:07:20.819Z [INFO] Cookies: user=admin, session=cea7319b-cb2a-4434-bde1-d7351ace682a, expected=cea7319b-cb2a-4434-bde1-d7351ace682a
2025-08-29T15:07:20.860Z [INFO] Cookies: user=admin, session=cea7319b-cb2a-4434-bde1-d7351ace682a, expected=cea7319b-cb2a-4434-bde1-d7351ace682a
2025-08-29T15:07:20.923Z [INFO] Cookies: user=admin, session=cea7319b-cb2a-4434-bde1-d7351ace682a, expected=cea7319b-cb2a-4434-bde1-d7351ace682a
2025-08-29T15:07:20.929Z [INFO] Cookies: user=admin, session=cea7319b-cb2a-4434-bde1-d7351ace682a, expected=cea7319b-cb2a-4434-bde1-d7351ace682a
2025-08-29T15:07:20.930Z [INFO] Cookies: user=admin, session=cea7319b-cb2a-4434-bde1-d7351ace682a, expected=cea7319b-cb2a-4434-bde1-d7351ace682a
2025-08-29T15:07:20.975Z [INFO] Cookies: user=admin, session=cea7319b-cb2a-4434-bde1-d7351ace682a, expected=cea7319b-cb2a-4434-bde1-d7351ace682a
2025-08-29T15:07:21.010Z [INFO] Cookies: user=admin, session=cea7319b-cb2a-4434-bde1-d7351ace682a, expected=cea7319b-cb2a-4434-bde1-d7351ace682a
2025-08-29T15:07:21.050Z [INFO] Cookies: user=admin, session=cea7319b-cb2a-4434-bde1-d7351ace682a, expected=cea7319b-cb2a-4434-bde1-d7351ace682a
2025-08-29T15:07:21.105Z [INFO] Cookies: user=admin, session=cea7319b-cb2a-4434-bde1-d7351ace682a, expected=cea7319b-cb2a-4434-bde1-d7351ace682a
2025-08-29T15:07:21.183Z [INFO] Cookies: user=admin, session=cea7319b-cb2a-4434-bde1-d7351ace682a, expected=cea7319b-cb2a-4434-bde1-d7351ace682a
2025-08-29T15:07:36.721Z [INFO] user authenticated by middleware from 127.0.0.1 with session ID cea7319b-cb2a-4434-bde1-d7351ace682a and username admin
2025-08-29T15:07:36.720Z [INFO] Cookies: user=admin, session=cea7319b-cb2a-4434-bde1-d7351ace682a, expected=cea7319b-cb2a-4434-bde1-d7351ace682a
2025-08-29T15:07:36.798Z [INFO] Cookies: user=admin, session=cea7319b-cb2a-4434-bde1-d7351ace682a, expected=cea7319b-cb2a-4434-bde1-d7351ace682a
2025-08-29T15:07:37.028Z [INFO] Cookies: user=admin, session=cea7319b-cb2a-4434-bde1-d7351ace682a, expected=cea7319b-cb2a-4434-bde1-d7351ace682a
2025-08-29T15:07:37.063Z [INFO] Cookies: user=admin, session=cea7319b-cb2a-4434-bde1-d7351ace682a, expected=cea7319b-cb2a-4434-bde1-d7351ace682a
2025-08-29T15:07:37.122Z [INFO] Cookies: user=admin, session=cea7319b-cb2a-4434-bde1-d7351ace682a, expected=cea7319b-cb2a-4434-bde1-d7351ace682a
2025-08-29T15:07:37.165Z [INFO] Cookies: user=admin, session=cea7319b-cb2a-4434-bde1-d7351ace682a, expected=cea7319b-cb2a-4434-bde1-d7351ace682a
2025-08-29T15:07:37.165Z [INFO] Cookies: user=admin, session=cea7319b-cb2a-4434-bde1-d7351ace682a, expected=cea7319b-cb2a-4434-bde1-d7351ace682a
2025-08-29T15:07:37.171Z [INFO] Cookies: user=admin, session=cea7319b-cb2a-4434-bde1-d7351ace682a, expected=cea7319b-cb2a-4434-bde1-d7351ace682a
2025-08-29T15:07:37.171Z [INFO] Cookies: user=admin, session=cea7319b-cb2a-4434-bde1-d7351ace682a, expected=cea7319b-cb2a-4434-bde1-d7351ace682a
2025-08-29T15:07:37.241Z [INFO] Cookies: user=admin, session=cea7319b-cb2a-4434-bde1-d7351ace682a, expected=cea7319b-cb2a-4434-bde1-d7351ace682a
2025-08-29T15:07:37.279Z [INFO] Cookies: user=admin, session=cea7319b-cb2a-4434-bde1-d7351ace682a, expected=cea7319b-cb2a-4434-bde1-d7351ace682a
2025-08-29T15:07:37.281Z [INFO] Cookies: user=admin, session=cea7319b-cb2a-4434-bde1-d7351ace682a, expected=cea7319b-cb2a-4434-bde1-d7351ace682a
2025-08-29T15:07:37.354Z [INFO] Cookies: user=admin, session=cea7319b-cb2a-4434-bde1-d7351ace682a, expected=cea7319b-cb2a-4434-bde1-d7351ace682a
2025-08-29T15:07:37.397Z [INFO] Cookies: user=admin, session=cea7319b-cb2a-4434-bde1-d7351ace682a, expected=cea7319b-cb2a-4434-bde1-d7351ace682a
2025-08-29T15:07:37.419Z [INFO] Cookies: user=admin, session=cea7319b-cb2a-4434-bde1-d7351ace682a, expected=cea7319b-cb2a-4434-bde1-d7351ace682a
2025-08-29T15:07:37.424Z [INFO] Cookies: user=admin, session=cea7319b-cb2a-4434-bde1-d7351ace682a, expected=cea7319b-cb2a-4434-bde1-d7351ace682a
2025-08-29T15:07:37.454Z [INFO] Cookies: user=admin, session=cea7319b-cb2a-4434-bde1-d7351ace682a, expected=cea7319b-cb2a-4434-bde1-d7351ace682a
2025-08-29T15:07:37.478Z [INFO] Cookies: user=admin, session=cea7319b-cb2a-4434-bde1-d7351ace682a, expected=cea7319b-cb2a-4434-bde1-d7351ace682a
2025-08-29T15:07:37.514Z [INFO] Cookies: user=admin, session=cea7319b-cb2a-4434-bde1-d7351ace682a, expected=cea7319b-cb2a-4434-bde1-d7351ace682a
2025-08-29T15:07:37.558Z [INFO] Cookies: user=admin, session=cea7319b-cb2a-4434-bde1-d7351ace682a, expected=cea7319b-cb2a-4434-bde1-d7351ace682a
2025-08-29T15:07:37.593Z [INFO] Cookies: user=admin, session=cea7319b-cb2a-4434-bde1-d7351ace682a, expected=cea7319b-cb2a-4434-bde1-d7351ace682a
2025-08-29T15:07:49.718Z [INFO] Cookies: user=admin, session=cea7319b-cb2a-4434-bde1-d7351ace682a, expected=cea7319b-cb2a-4434-bde1-d7351ace682a
2025-08-29T15:07:49.718Z [INFO] user authenticated by middleware from 127.0.0.1 with session ID cea7319b-cb2a-4434-bde1-d7351ace682a and username admin
2025-08-29T15:07:49.798Z [INFO] Cookies: user=admin, session=cea7319b-cb2a-4434-bde1-d7351ace682a, expected=cea7319b-cb2a-4434-bde1-d7351ace682a
2025-08-29T15:07:50.081Z [INFO] Cookies: user=admin, session=cea7319b-cb2a-4434-bde1-d7351ace682a, expected=cea7319b-cb2a-4434-bde1-d7351ace682a
2025-08-29T15:07:50.153Z [INFO] Cookies: user=admin, session=cea7319b-cb2a-4434-bde1-d7351ace682a, expected=cea7319b-cb2a-4434-bde1-d7351ace682a
2025-08-29T15:07:50.268Z [INFO] Cookies: user=admin, session=cea7319b-cb2a-4434-bde1-d7351ace682a, expected=cea7319b-cb2a-4434-bde1-d7351ace682a
2025-08-29T15:07:50.345Z [INFO] Cookies: user=admin, session=cea7319b-cb2a-4434-bde1-d7351ace682a, expected=cea7319b-cb2a-4434-bde1-d7351ace682a
2025-08-29T15:07:50.351Z [INFO] Cookies: user=admin, session=cea7319b-cb2a-4434-bde1-d7351ace682a, expected=cea7319b-cb2a-4434-bde1-d7351ace682a
2025-08-29T15:07:50.354Z [INFO] Cookies: user=admin, session=cea7319b-cb2a-4434-bde1-d7351ace682a, expected=cea7319b-cb2a-4434-bde1-d7351ace682a
2025-08-29T15:07:50.369Z [INFO] Cookies: user=admin, session=cea7319b-cb2a-4434-bde1-d7351ace682a, expected=cea7319b-cb2a-4434-bde1-d7351ace682a
2025-08-29T15:07:50.421Z [INFO] Cookies: user=admin, session=cea7319b-cb2a-4434-bde1-d7351ace682a, expected=cea7319b-cb2a-4434-bde1-d7351ace682a
2025-08-29T15:07:50.457Z [INFO] Cookies: user=admin, session=cea7319b-cb2a-4434-bde1-d7351ace682a, expected=cea7319b-cb2a-4434-bde1-d7351ace682a
2025-08-29T15:07:50.474Z [INFO] Cookies: user=admin, session=cea7319b-cb2a-4434-bde1-d7351ace682a, expected=cea7319b-cb2a-4434-bde1-d7351ace682a
2025-08-29T15:07:50.499Z [INFO] Cookies: user=admin, session=cea7319b-cb2a-4434-bde1-d7351ace682a, expected=cea7319b-cb2a-4434-bde1-d7351ace682a
2025-08-29T15:07:50.543Z [INFO] Cookies: user=admin, session=cea7319b-cb2a-4434-bde1-d7351ace682a, expected=cea7319b-cb2a-4434-bde1-d7351ace682a
2025-08-29T15:07:50.566Z [INFO] Cookies: user=admin, session=cea7319b-cb2a-4434-bde1-d7351ace682a, expected=cea7319b-cb2a-4434-bde1-d7351ace682a
2025-08-29T15:07:50.566Z [INFO] Cookies: user=admin, session=cea7319b-cb2a-4434-bde1-d7351ace682a, expected=cea7319b-cb2a-4434-bde1-d7351ace682a
2025-08-29T15:07:50.600Z [INFO] Cookies: user=admin, session=cea7319b-cb2a-4434-bde1-d7351ace682a, expected=cea7319b-cb2a-4434-bde1-d7351ace682a
2025-08-29T15:07:50.607Z [INFO] Cookies: user=admin, session=cea7319b-cb2a-4434-bde1-d7351ace682a, expected=cea7319b-cb2a-4434-bde1-d7351ace682a
2025-08-29T15:07:50.643Z [INFO] Cookies: user=admin, session=cea7319b-cb2a-4434-bde1-d7351ace682a, expected=cea7319b-cb2a-4434-bde1-d7351ace682a
2025-08-29T15:07:50.725Z [INFO] Cookies: user=admin, session=cea7319b-cb2a-4434-bde1-d7351ace682a, expected=cea7319b-cb2a-4434-bde1-d7351ace682a
2025-08-29T15:07:50.773Z [INFO] Cookies: user=admin, session=cea7319b-cb2a-4434-bde1-d7351ace682a, expected=cea7319b-cb2a-4434-bde1-d7351ace682a
2025-08-29T15:07:53.798Z [INFO] Cookies: user=admin, session=cea7319b-cb2a-4434-bde1-d7351ace682a, expected=cea7319b-cb2a-4434-bde1-d7351ace682a
2025-08-29T15:07:53.800Z [INFO] Cookies: user=admin, session=cea7319b-cb2a-4434-bde1-d7351ace682a, expected=cea7319b-cb2a-4434-bde1-d7351ace682a
2025-08-29T15:09:39.117Z [INFO] Cookies: user=admin, session=cea7319b-cb2a-4434-bde1-d7351ace682a, expected=cea7319b-cb2a-4434-bde1-d7351ace682a
2025-08-29T15:09:39.117Z [INFO] user authenticated by middleware from 127.0.0.1 with session ID cea7319b-cb2a-4434-bde1-d7351ace682a and username admin
2025-08-29T15:09:39.202Z [INFO] Cookies: user=admin, session=cea7319b-cb2a-4434-bde1-d7351ace682a, expected=cea7319b-cb2a-4434-bde1-d7351ace682a
2025-08-29T15:09:39.442Z [INFO] Cookies: user=admin, session=cea7319b-cb2a-4434-bde1-d7351ace682a, expected=cea7319b-cb2a-4434-bde1-d7351ace682a
2025-08-29T15:09:39.479Z [INFO] Cookies: user=admin, session=cea7319b-cb2a-4434-bde1-d7351ace682a, expected=cea7319b-cb2a-4434-bde1-d7351ace682a
2025-08-29T15:09:39.562Z [INFO] Cookies: user=admin, session=cea7319b-cb2a-4434-bde1-d7351ace682a, expected=cea7319b-cb2a-4434-bde1-d7351ace682a
2025-08-29T15:09:39.603Z [INFO] Cookies: user=admin, session=cea7319b-cb2a-4434-bde1-d7351ace682a, expected=cea7319b-cb2a-4434-bde1-d7351ace682a
2025-08-29T15:09:39.605Z [INFO] Cookies: user=admin, session=cea7319b-cb2a-4434-bde1-d7351ace682a, expected=cea7319b-cb2a-4434-bde1-d7351ace682a
2025-08-29T15:09:39.608Z [INFO] Cookies: user=admin, session=cea7319b-cb2a-4434-bde1-d7351ace682a, expected=cea7319b-cb2a-4434-bde1-d7351ace682a
2025-08-29T15:09:39.613Z [INFO] Cookies: user=admin, session=cea7319b-cb2a-4434-bde1-d7351ace682a, expected=cea7319b-cb2a-4434-bde1-d7351ace682a
2025-08-29T15:09:39.668Z [INFO] Cookies: user=admin, session=cea7319b-cb2a-4434-bde1-d7351ace682a, expected=cea7319b-cb2a-4434-bde1-d7351ace682a
2025-08-29T15:09:39.668Z [INFO] Cookies: user=admin, session=cea7319b-cb2a-4434-bde1-d7351ace682a, expected=cea7319b-cb2a-4434-bde1-d7351ace682a
2025-08-29T15:09:39.671Z [INFO] Cookies: user=admin, session=cea7319b-cb2a-4434-bde1-d7351ace682a, expected=cea7319b-cb2a-4434-bde1-d7351ace682a
2025-08-29T15:09:39.707Z [INFO] Cookies: user=admin, session=cea7319b-cb2a-4434-bde1-d7351ace682a, expected=cea7319b-cb2a-4434-bde1-d7351ace682a
2025-08-29T15:09:39.728Z [INFO] Cookies: user=admin, session=cea7319b-cb2a-4434-bde1-d7351ace682a, expected=cea7319b-cb2a-4434-bde1-d7351ace682a
2025-08-29T15:09:39.761Z [INFO] Cookies: user=admin, session=cea7319b-cb2a-4434-bde1-d7351ace682a, expected=cea7319b-cb2a-4434-bde1-d7351ace682a
2025-08-29T15:09:39.815Z [INFO] Cookies: user=admin, session=cea7319b-cb2a-4434-bde1-d7351ace682a, expected=cea7319b-cb2a-4434-bde1-d7351ace682a
2025-08-29T15:09:39.819Z [INFO] Cookies: user=admin, session=cea7319b-cb2a-4434-bde1-d7351ace682a, expected=cea7319b-cb2a-4434-bde1-d7351ace682a
2025-08-29T15:09:39.829Z [INFO] Cookies: user=admin, session=cea7319b-cb2a-4434-bde1-d7351ace682a, expected=cea7319b-cb2a-4434-bde1-d7351ace682a
2025-08-29T15:09:39.867Z [INFO] Cookies: user=admin, session=cea7319b-cb2a-4434-bde1-d7351ace682a, expected=cea7319b-cb2a-4434-bde1-d7351ace682a
2025-08-29T15:09:39.878Z [INFO] Cookies: user=admin, session=cea7319b-cb2a-4434-bde1-d7351ace682a, expected=cea7319b-cb2a-4434-bde1-d7351ace682a
2025-08-29T15:09:39.928Z [INFO] Cookies: user=admin, session=cea7319b-cb2a-4434-bde1-d7351ace682a, expected=cea7319b-cb2a-4434-bde1-d7351ace682a
2025-08-29T15:09:39.988Z [INFO] Cookies: user=admin, session=cea7319b-cb2a-4434-bde1-d7351ace682a, expected=cea7319b-cb2a-4434-bde1-d7351ace682a
2025-08-29T15:09:40.039Z [INFO] Cookies: user=admin, session=cea7319b-cb2a-4434-bde1-d7351ace682a, expected=cea7319b-cb2a-4434-bde1-d7351ace682a
2025-08-29T15:13:12.443Z [INFO] missing cookies from user cookie undefined and session cookie undefined at 127.0.0.1
2025-08-29T15:13:12.445Z [INFO] missing cookies from user cookie undefined and session cookie undefined at 127.0.0.1
2025-08-29T15:15:12.695Z [INFO] missing cookies from user cookie undefined and session cookie undefined at 185.39.19.84
2025-08-29T15:16:28.963Z [INFO] user authenticated by middleware from 127.0.0.1 with session ID cea7319b-cb2a-4434-bde1-d7351ace682a and username admin
2025-08-29T15:16:28.963Z [INFO] Cookies: user=admin, session=cea7319b-cb2a-4434-bde1-d7351ace682a, expected=cea7319b-cb2a-4434-bde1-d7351ace682a
2025-08-29T15:16:29.064Z [INFO] Cookies: user=admin, session=cea7319b-cb2a-4434-bde1-d7351ace682a, expected=cea7319b-cb2a-4434-bde1-d7351ace682a
2025-08-29T15:16:29.316Z [INFO] Cookies: user=admin, session=cea7319b-cb2a-4434-bde1-d7351ace682a, expected=cea7319b-cb2a-4434-bde1-d7351ace682a
2025-08-29T15:16:29.373Z [INFO] Cookies: user=admin, session=cea7319b-cb2a-4434-bde1-d7351ace682a, expected=cea7319b-cb2a-4434-bde1-d7351ace682a
2025-08-29T15:16:29.439Z [INFO] Cookies: user=admin, session=cea7319b-cb2a-4434-bde1-d7351ace682a, expected=cea7319b-cb2a-4434-bde1-d7351ace682a
2025-08-29T15:16:29.501Z [INFO] Cookies: user=admin, session=cea7319b-cb2a-4434-bde1-d7351ace682a, expected=cea7319b-cb2a-4434-bde1-d7351ace682a
2025-08-29T15:16:29.513Z [INFO] Cookies: user=admin, session=cea7319b-cb2a-4434-bde1-d7351ace682a, expected=cea7319b-cb2a-4434-bde1-d7351ace682a
2025-08-29T15:16:29.513Z [INFO] Cookies: user=admin, session=cea7319b-cb2a-4434-bde1-d7351ace682a, expected=cea7319b-cb2a-4434-bde1-d7351ace682a
2025-08-29T15:16:29.626Z [INFO] Cookies: user=admin, session=cea7319b-cb2a-4434-bde1-d7351ace682a, expected=cea7319b-cb2a-4434-bde1-d7351ace682a
2025-08-29T15:16:29.626Z [INFO] Cookies: user=admin, session=cea7319b-cb2a-4434-bde1-d7351ace682a, expected=cea7319b-cb2a-4434-bde1-d7351ace682a
2025-08-29T15:16:29.662Z [INFO] Cookies: user=admin, session=cea7319b-cb2a-4434-bde1-d7351ace682a, expected=cea7319b-cb2a-4434-bde1-d7351ace682a
2025-08-29T15:16:29.808Z [INFO] Cookies: user=admin, session=cea7319b-cb2a-4434-bde1-d7351ace682a, expected=cea7319b-cb2a-4434-bde1-d7351ace682a
2025-08-29T15:16:29.873Z [INFO] Cookies: user=admin, session=cea7319b-cb2a-4434-bde1-d7351ace682a, expected=cea7319b-cb2a-4434-bde1-d7351ace682a
2025-08-29T15:16:29.910Z [INFO] Cookies: user=admin, session=cea7319b-cb2a-4434-bde1-d7351ace682a, expected=cea7319b-cb2a-4434-bde1-d7351ace682a
2025-08-29T15:16:29.947Z [INFO] Cookies: user=admin, session=cea7319b-cb2a-4434-bde1-d7351ace682a, expected=cea7319b-cb2a-4434-bde1-d7351ace682a
2025-08-29T15:16:29.987Z [INFO] Cookies: user=admin, session=cea7319b-cb2a-4434-bde1-d7351ace682a, expected=cea7319b-cb2a-4434-bde1-d7351ace682a
2025-08-29T15:16:30.015Z [INFO] Cookies: user=admin, session=cea7319b-cb2a-4434-bde1-d7351ace682a, expected=cea7319b-cb2a-4434-bde1-d7351ace682a
2025-08-29T15:16:30.015Z [INFO] Cookies: user=admin, session=cea7319b-cb2a-4434-bde1-d7351ace682a, expected=cea7319b-cb2a-4434-bde1-d7351ace682a
2025-08-29T15:16:30.039Z [INFO] Cookies: user=admin, session=cea7319b-cb2a-4434-bde1-d7351ace682a, expected=cea7319b-cb2a-4434-bde1-d7351ace682a
2025-08-29T15:16:30.057Z [INFO] Cookies: user=admin, session=cea7319b-cb2a-4434-bde1-d7351ace682a, expected=cea7319b-cb2a-4434-bde1-d7351ace682a
2025-08-29T15:16:30.095Z [INFO] Cookies: user=admin, session=cea7319b-cb2a-4434-bde1-d7351ace682a, expected=cea7319b-cb2a-4434-bde1-d7351ace682a
2025-08-29T15:16:30.156Z [INFO] Cookies: user=admin, session=cea7319b-cb2a-4434-bde1-d7351ace682a, expected=cea7319b-cb2a-4434-bde1-d7351ace682a
2025-08-29T15:16:30.193Z [INFO] Cookies: user=admin, session=cea7319b-cb2a-4434-bde1-d7351ace682a, expected=cea7319b-cb2a-4434-bde1-d7351ace682a
2025-08-29T15:17:08.136Z [INFO] user authenticated by middleware from 127.0.0.1 with session ID cea7319b-cb2a-4434-bde1-d7351ace682a and username admin
2025-08-29T15:17:08.136Z [INFO] Cookies: user=admin, session=cea7319b-cb2a-4434-bde1-d7351ace682a, expected=cea7319b-cb2a-4434-bde1-d7351ace682a
2025-08-29T15:17:08.196Z [INFO] Cookies: user=admin, session=cea7319b-cb2a-4434-bde1-d7351ace682a, expected=cea7319b-cb2a-4434-bde1-d7351ace682a
2025-08-29T15:17:08.422Z [INFO] Cookies: user=admin, session=cea7319b-cb2a-4434-bde1-d7351ace682a, expected=cea7319b-cb2a-4434-bde1-d7351ace682a
2025-08-29T15:17:08.462Z [INFO] Cookies: user=admin, session=cea7319b-cb2a-4434-bde1-d7351ace682a, expected=cea7319b-cb2a-4434-bde1-d7351ace682a
2025-08-29T15:17:08.517Z [INFO] Cookies: user=admin, session=cea7319b-cb2a-4434-bde1-d7351ace682a, expected=cea7319b-cb2a-4434-bde1-d7351ace682a
2025-08-29T15:17:08.558Z [INFO] Cookies: user=admin, session=cea7319b-cb2a-4434-bde1-d7351ace682a, expected=cea7319b-cb2a-4434-bde1-d7351ace682a
2025-08-29T15:17:08.561Z [INFO] Cookies: user=admin, session=cea7319b-cb2a-4434-bde1-d7351ace682a, expected=cea7319b-cb2a-4434-bde1-d7351ace682a
2025-08-29T15:17:08.563Z [INFO] Cookies: user=admin, session=cea7319b-cb2a-4434-bde1-d7351ace682a, expected=cea7319b-cb2a-4434-bde1-d7351ace682a
2025-08-29T15:17:08.564Z [INFO] Cookies: user=admin, session=cea7319b-cb2a-4434-bde1-d7351ace682a, expected=cea7319b-cb2a-4434-bde1-d7351ace682a
2025-08-29T15:17:08.617Z [INFO] Cookies: user=admin, session=cea7319b-cb2a-4434-bde1-d7351ace682a, expected=cea7319b-cb2a-4434-bde1-d7351ace682a
2025-08-29T15:17:08.651Z [INFO] Cookies: user=admin, session=cea7319b-cb2a-4434-bde1-d7351ace682a, expected=cea7319b-cb2a-4434-bde1-d7351ace682a
2025-08-29T15:17:08.689Z [INFO] Cookies: user=admin, session=cea7319b-cb2a-4434-bde1-d7351ace682a, expected=cea7319b-cb2a-4434-bde1-d7351ace682a
2025-08-29T15:17:08.732Z [INFO] Cookies: user=admin, session=cea7319b-cb2a-4434-bde1-d7351ace682a, expected=cea7319b-cb2a-4434-bde1-d7351ace682a
2025-08-29T15:17:08.739Z [INFO] Cookies: user=admin, session=cea7319b-cb2a-4434-bde1-d7351ace682a, expected=cea7319b-cb2a-4434-bde1-d7351ace682a
2025-08-29T15:17:08.740Z [INFO] Cookies: user=admin, session=cea7319b-cb2a-4434-bde1-d7351ace682a, expected=cea7319b-cb2a-4434-bde1-d7351ace682a
2025-08-29T15:17:08.779Z [INFO] Cookies: user=admin, session=cea7319b-cb2a-4434-bde1-d7351ace682a, expected=cea7319b-cb2a-4434-bde1-d7351ace682a
2025-08-29T15:17:08.816Z [INFO] Cookies: user=admin, session=cea7319b-cb2a-4434-bde1-d7351ace682a, expected=cea7319b-cb2a-4434-bde1-d7351ace682a
2025-08-29T15:17:08.855Z [INFO] Cookies: user=admin, session=cea7319b-cb2a-4434-bde1-d7351ace682a, expected=cea7319b-cb2a-4434-bde1-d7351ace682a
2025-08-29T15:17:08.897Z [INFO] Cookies: user=admin, session=cea7319b-cb2a-4434-bde1-d7351ace682a, expected=cea7319b-cb2a-4434-bde1-d7351ace682a
2025-08-29T15:17:37.006Z [INFO] Cookies: user=admin, session=cea7319b-cb2a-4434-bde1-d7351ace682a, expected=cea7319b-cb2a-4434-bde1-d7351ace682a
2025-08-29T15:17:37.006Z [INFO] user authenticated by middleware from 127.0.0.1 with session ID cea7319b-cb2a-4434-bde1-d7351ace682a and username admin
2025-08-29T15:17:37.068Z [INFO] Cookies: user=admin, session=cea7319b-cb2a-4434-bde1-d7351ace682a, expected=cea7319b-cb2a-4434-bde1-d7351ace682a
2025-08-29T15:17:37.310Z [INFO] Cookies: user=admin, session=cea7319b-cb2a-4434-bde1-d7351ace682a, expected=cea7319b-cb2a-4434-bde1-d7351ace682a
2025-08-29T15:17:37.343Z [INFO] Cookies: user=admin, session=cea7319b-cb2a-4434-bde1-d7351ace682a, expected=cea7319b-cb2a-4434-bde1-d7351ace682a
2025-08-29T15:17:37.415Z [INFO] Cookies: user=admin, session=cea7319b-cb2a-4434-bde1-d7351ace682a, expected=cea7319b-cb2a-4434-bde1-d7351ace682a
2025-08-29T15:17:37.450Z [INFO] Cookies: user=admin, session=cea7319b-cb2a-4434-bde1-d7351ace682a, expected=cea7319b-cb2a-4434-bde1-d7351ace682a
2025-08-29T15:17:37.454Z [INFO] Cookies: user=admin, session=cea7319b-cb2a-4434-bde1-d7351ace682a, expected=cea7319b-cb2a-4434-bde1-d7351ace682a
2025-08-29T15:17:37.454Z [INFO] Cookies: user=admin, session=cea7319b-cb2a-4434-bde1-d7351ace682a, expected=cea7319b-cb2a-4434-bde1-d7351ace682a
2025-08-29T15:17:37.455Z [INFO] Cookies: user=admin, session=cea7319b-cb2a-4434-bde1-d7351ace682a, expected=cea7319b-cb2a-4434-bde1-d7351ace682a
2025-08-29T15:17:37.501Z [INFO] Cookies: user=admin, session=cea7319b-cb2a-4434-bde1-d7351ace682a, expected=cea7319b-cb2a-4434-bde1-d7351ace682a
2025-08-29T15:17:37.533Z [INFO] Cookies: user=admin, session=cea7319b-cb2a-4434-bde1-d7351ace682a, expected=cea7319b-cb2a-4434-bde1-d7351ace682a
2025-08-29T15:17:37.568Z [INFO] Cookies: user=admin, session=cea7319b-cb2a-4434-bde1-d7351ace682a, expected=cea7319b-cb2a-4434-bde1-d7351ace682a
2025-08-29T15:17:37.617Z [INFO] Cookies: user=admin, session=cea7319b-cb2a-4434-bde1-d7351ace682a, expected=cea7319b-cb2a-4434-bde1-d7351ace682a
2025-08-29T15:17:37.626Z [INFO] Cookies: user=admin, session=cea7319b-cb2a-4434-bde1-d7351ace682a, expected=cea7319b-cb2a-4434-bde1-d7351ace682a
2025-08-29T15:17:37.633Z [INFO] Cookies: user=admin, session=cea7319b-cb2a-4434-bde1-d7351ace682a, expected=cea7319b-cb2a-4434-bde1-d7351ace682a
2025-08-29T15:17:37.662Z [INFO] Cookies: user=admin, session=cea7319b-cb2a-4434-bde1-d7351ace682a, expected=cea7319b-cb2a-4434-bde1-d7351ace682a
2025-08-29T15:17:37.695Z [INFO] Cookies: user=admin, session=cea7319b-cb2a-4434-bde1-d7351ace682a, expected=cea7319b-cb2a-4434-bde1-d7351ace682a
2025-08-29T15:17:37.736Z [INFO] Cookies: user=admin, session=cea7319b-cb2a-4434-bde1-d7351ace682a, expected=cea7319b-cb2a-4434-bde1-d7351ace682a
2025-08-29T15:17:37.774Z [INFO] Cookies: user=admin, session=cea7319b-cb2a-4434-bde1-d7351ace682a, expected=cea7319b-cb2a-4434-bde1-d7351ace682a
2025-08-29T15:17:57.730Z [INFO] Cookies: user=admin, session=cea7319b-cb2a-4434-bde1-d7351ace682a, expected=cea7319b-cb2a-4434-bde1-d7351ace682a
2025-08-29T15:17:57.762Z [INFO] Cookies: user=admin, session=cea7319b-cb2a-4434-bde1-d7351ace682a, expected=cea7319b-cb2a-4434-bde1-d7351ace682a
2025-08-29T15:17:57.821Z [INFO] Cookies: user=admin, session=cea7319b-cb2a-4434-bde1-d7351ace682a, expected=cea7319b-cb2a-4434-bde1-d7351ace682a
2025-08-29T15:17:57.858Z [INFO] Cookies: user=admin, session=cea7319b-cb2a-4434-bde1-d7351ace682a, expected=cea7319b-cb2a-4434-bde1-d7351ace682a
2025-08-29T15:17:57.863Z [INFO] Cookies: user=admin, session=cea7319b-cb2a-4434-bde1-d7351ace682a, expected=cea7319b-cb2a-4434-bde1-d7351ace682a
2025-08-29T15:17:57.863Z [INFO] Cookies: user=admin, session=cea7319b-cb2a-4434-bde1-d7351ace682a, expected=cea7319b-cb2a-4434-bde1-d7351ace682a
2025-08-29T15:17:57.866Z [INFO] Cookies: user=admin, session=cea7319b-cb2a-4434-bde1-d7351ace682a, expected=cea7319b-cb2a-4434-bde1-d7351ace682a
2025-08-29T15:17:57.912Z [INFO] Cookies: user=admin, session=cea7319b-cb2a-4434-bde1-d7351ace682a, expected=cea7319b-cb2a-4434-bde1-d7351ace682a
2025-08-29T15:17:57.947Z [INFO] Cookies: user=admin, session=cea7319b-cb2a-4434-bde1-d7351ace682a, expected=cea7319b-cb2a-4434-bde1-d7351ace682a
2025-08-29T15:17:57.981Z [INFO] Cookies: user=admin, session=cea7319b-cb2a-4434-bde1-d7351ace682a, expected=cea7319b-cb2a-4434-bde1-d7351ace682a
2025-08-29T15:17:58.033Z [INFO] Cookies: user=admin, session=cea7319b-cb2a-4434-bde1-d7351ace682a, expected=cea7319b-cb2a-4434-bde1-d7351ace682a
2025-08-29T15:17:58.033Z [INFO] Cookies: user=admin, session=cea7319b-cb2a-4434-bde1-d7351ace682a, expected=cea7319b-cb2a-4434-bde1-d7351ace682a
2025-08-29T15:17:58.079Z [INFO] Cookies: user=admin, session=cea7319b-cb2a-4434-bde1-d7351ace682a, expected=cea7319b-cb2a-4434-bde1-d7351ace682a
2025-08-29T15:17:58.113Z [INFO] Cookies: user=admin, session=cea7319b-cb2a-4434-bde1-d7351ace682a, expected=cea7319b-cb2a-4434-bde1-d7351ace682a
2025-08-29T15:17:58.152Z [INFO] Cookies: user=admin, session=cea7319b-cb2a-4434-bde1-d7351ace682a, expected=cea7319b-cb2a-4434-bde1-d7351ace682a
2025-08-29T15:17:58.190Z [INFO] Cookies: user=admin, session=cea7319b-cb2a-4434-bde1-d7351ace682a, expected=cea7319b-cb2a-4434-bde1-d7351ace682a
2025-08-29T15:18:24.823Z [INFO] Cookies: user=admin, session=cea7319b-cb2a-4434-bde1-d7351ace682a, expected=cea7319b-cb2a-4434-bde1-d7351ace682a
2025-08-29T15:18:24.824Z [INFO] user authenticated by middleware from 127.0.0.1 with session ID cea7319b-cb2a-4434-bde1-d7351ace682a and username admin
2025-08-29T15:18:24.875Z [INFO] Cookies: user=admin, session=cea7319b-cb2a-4434-bde1-d7351ace682a, expected=cea7319b-cb2a-4434-bde1-d7351ace682a
2025-08-29T15:18:25.107Z [INFO] Cookies: user=admin, session=cea7319b-cb2a-4434-bde1-d7351ace682a, expected=cea7319b-cb2a-4434-bde1-d7351ace682a
2025-08-29T15:18:25.137Z [INFO] Cookies: user=admin, session=cea7319b-cb2a-4434-bde1-d7351ace682a, expected=cea7319b-cb2a-4434-bde1-d7351ace682a
2025-08-29T15:18:25.198Z [INFO] Cookies: user=admin, session=cea7319b-cb2a-4434-bde1-d7351ace682a, expected=cea7319b-cb2a-4434-bde1-d7351ace682a
2025-08-29T15:18:25.232Z [INFO] Cookies: user=admin, session=cea7319b-cb2a-4434-bde1-d7351ace682a, expected=cea7319b-cb2a-4434-bde1-d7351ace682a
2025-08-29T15:18:25.239Z [INFO] Cookies: user=admin, session=cea7319b-cb2a-4434-bde1-d7351ace682a, expected=cea7319b-cb2a-4434-bde1-d7351ace682a
2025-08-29T15:18:25.239Z [INFO] Cookies: user=admin, session=cea7319b-cb2a-4434-bde1-d7351ace682a, expected=cea7319b-cb2a-4434-bde1-d7351ace682a
2025-08-29T15:18:25.240Z [INFO] Cookies: user=admin, session=cea7319b-cb2a-4434-bde1-d7351ace682a, expected=cea7319b-cb2a-4434-bde1-d7351ace682a
2025-08-29T15:18:25.283Z [INFO] Cookies: user=admin, session=cea7319b-cb2a-4434-bde1-d7351ace682a, expected=cea7319b-cb2a-4434-bde1-d7351ace682a
2025-08-29T15:18:25.317Z [INFO] Cookies: user=admin, session=cea7319b-cb2a-4434-bde1-d7351ace682a, expected=cea7319b-cb2a-4434-bde1-d7351ace682a
2025-08-29T15:18:25.355Z [INFO] Cookies: user=admin, session=cea7319b-cb2a-4434-bde1-d7351ace682a, expected=cea7319b-cb2a-4434-bde1-d7351ace682a
2025-08-29T15:18:25.396Z [INFO] Cookies: user=admin, session=cea7319b-cb2a-4434-bde1-d7351ace682a, expected=cea7319b-cb2a-4434-bde1-d7351ace682a
2025-08-29T15:18:25.403Z [INFO] Cookies: user=admin, session=cea7319b-cb2a-4434-bde1-d7351ace682a, expected=cea7319b-cb2a-4434-bde1-d7351ace682a
2025-08-29T15:18:25.403Z [INFO] Cookies: user=admin, session=cea7319b-cb2a-4434-bde1-d7351ace682a, expected=cea7319b-cb2a-4434-bde1-d7351ace682a
2025-08-29T15:18:25.447Z [INFO] Cookies: user=admin, session=cea7319b-cb2a-4434-bde1-d7351ace682a, expected=cea7319b-cb2a-4434-bde1-d7351ace682a
2025-08-29T15:18:25.483Z [INFO] Cookies: user=admin, session=cea7319b-cb2a-4434-bde1-d7351ace682a, expected=cea7319b-cb2a-4434-bde1-d7351ace682a
2025-08-29T15:18:25.536Z [INFO] Cookies: user=admin, session=cea7319b-cb2a-4434-bde1-d7351ace682a, expected=cea7319b-cb2a-4434-bde1-d7351ace682a
2025-08-29T15:18:25.572Z [INFO] Cookies: user=admin, session=cea7319b-cb2a-4434-bde1-d7351ace682a, expected=cea7319b-cb2a-4434-bde1-d7351ace682a
2025-08-29T15:18:26.756Z [INFO] user returned as logged in by login checker from 127.0.0.1 with session ID cea7319b-cb2a-4434-bde1-d7351ace682a and username admin
2025-08-29T15:18:26.756Z [INFO] Cookies: user=admin, session=cea7319b-cb2a-4434-bde1-d7351ace682a, expected=cea7319b-cb2a-4434-bde1-d7351ace682a
2025-08-29T15:18:26.813Z [INFO] Cookies: user=admin, session=cea7319b-cb2a-4434-bde1-d7351ace682a, expected=cea7319b-cb2a-4434-bde1-d7351ace682a
2025-08-29T15:18:27.044Z [INFO] Cookies: user=admin, session=cea7319b-cb2a-4434-bde1-d7351ace682a, expected=cea7319b-cb2a-4434-bde1-d7351ace682a
2025-08-29T15:18:27.080Z [INFO] Cookies: user=admin, session=cea7319b-cb2a-4434-bde1-d7351ace682a, expected=cea7319b-cb2a-4434-bde1-d7351ace682a
2025-08-29T15:18:27.148Z [INFO] Cookies: user=admin, session=cea7319b-cb2a-4434-bde1-d7351ace682a, expected=cea7319b-cb2a-4434-bde1-d7351ace682a
2025-08-29T15:18:27.178Z [INFO] Cookies: user=admin, session=cea7319b-cb2a-4434-bde1-d7351ace682a, expected=cea7319b-cb2a-4434-bde1-d7351ace682a
2025-08-29T15:18:27.215Z [INFO] Cookies: user=admin, session=cea7319b-cb2a-4434-bde1-d7351ace682a, expected=cea7319b-cb2a-4434-bde1-d7351ace682a
2025-08-29T15:18:27.252Z [INFO] Cookies: user=admin, session=cea7319b-cb2a-4434-bde1-d7351ace682a, expected=cea7319b-cb2a-4434-bde1-d7351ace682a
2025-08-29T15:18:27.287Z [INFO] Cookies: user=admin, session=cea7319b-cb2a-4434-bde1-d7351ace682a, expected=cea7319b-cb2a-4434-bde1-d7351ace682a
2025-08-29T15:18:27.337Z [INFO] Cookies: user=admin, session=cea7319b-cb2a-4434-bde1-d7351ace682a, expected=cea7319b-cb2a-4434-bde1-d7351ace682a
2025-08-29T15:18:27.388Z [INFO] Cookies: user=admin, session=cea7319b-cb2a-4434-bde1-d7351ace682a, expected=cea7319b-cb2a-4434-bde1-d7351ace682a
2025-08-29T15:18:27.434Z [INFO] Cookies: user=admin, session=cea7319b-cb2a-4434-bde1-d7351ace682a, expected=cea7319b-cb2a-4434-bde1-d7351ace682a
2025-08-29T15:18:27.487Z [INFO] Cookies: user=admin, session=cea7319b-cb2a-4434-bde1-d7351ace682a, expected=cea7319b-cb2a-4434-bde1-d7351ace682a
2025-08-29T15:18:27.531Z [INFO] Cookies: user=admin, session=cea7319b-cb2a-4434-bde1-d7351ace682a, expected=cea7319b-cb2a-4434-bde1-d7351ace682a
2025-08-29T15:18:27.573Z [INFO] Cookies: user=admin, session=cea7319b-cb2a-4434-bde1-d7351ace682a, expected=cea7319b-cb2a-4434-bde1-d7351ace682a
2025-08-29T15:18:27.627Z [INFO] Cookies: user=admin, session=cea7319b-cb2a-4434-bde1-d7351ace682a, expected=cea7319b-cb2a-4434-bde1-d7351ace682a
2025-08-29T15:18:27.675Z [INFO] Cookies: user=admin, session=cea7319b-cb2a-4434-bde1-d7351ace682a, expected=cea7319b-cb2a-4434-bde1-d7351ace682a
2025-08-29T15:18:27.717Z [INFO] Cookies: user=admin, session=cea7319b-cb2a-4434-bde1-d7351ace682a, expected=cea7319b-cb2a-4434-bde1-d7351ace682a
2025-08-29T15:18:39.046Z [INFO] Cookies: user=admin, session=cea7319b-cb2a-4434-bde1-d7351ace682a, expected=cea7319b-cb2a-4434-bde1-d7351ace682a
2025-08-29T15:18:39.046Z [INFO] Cookies: user=admin, session=cea7319b-cb2a-4434-bde1-d7351ace682a, expected=cea7319b-cb2a-4434-bde1-d7351ace682a
2025-08-29T15:19:49.562Z [INFO] Cookies: user=admin, session=cea7319b-cb2a-4434-bde1-d7351ace682a, expected=cea7319b-cb2a-4434-bde1-d7351ace682a
2025-08-29T15:19:49.563Z [INFO] Cookies: user=admin, session=cea7319b-cb2a-4434-bde1-d7351ace682a, expected=cea7319b-cb2a-4434-bde1-d7351ace682a
2025-08-29T15:20:10.149Z [INFO] missing cookies from user cookie undefined and session cookie undefined at 127.0.0.1
2025-08-29T15:20:16.063Z [INFO] missing cookies from user cookie undefined and session cookie undefined at 127.0.0.1
2025-08-29T15:20:16.134Z [INFO] admin has logged in from 127.0.0.1
2025-08-29T15:20:16.147Z [INFO] Cookies: user=admin, session=43cc5e7b-1e48-4cbc-8492-b37e78b947b3, expected=43cc5e7b-1e48-4cbc-8492-b37e78b947b3
2025-08-29T15:20:16.147Z [INFO] user returned as logged in by login checker from 127.0.0.1 with session ID 43cc5e7b-1e48-4cbc-8492-b37e78b947b3 and username admin
2025-08-29T15:20:16.197Z [INFO] Cookies: user=admin, session=43cc5e7b-1e48-4cbc-8492-b37e78b947b3, expected=43cc5e7b-1e48-4cbc-8492-b37e78b947b3
2025-08-29T15:20:16.238Z [INFO] Cookies: user=admin, session=43cc5e7b-1e48-4cbc-8492-b37e78b947b3, expected=43cc5e7b-1e48-4cbc-8492-b37e78b947b3
2025-08-29T15:20:16.239Z [INFO] Cookies: user=admin, session=43cc5e7b-1e48-4cbc-8492-b37e78b947b3, expected=43cc5e7b-1e48-4cbc-8492-b37e78b947b3
2025-08-29T15:20:16.275Z [INFO] Cookies: user=admin, session=43cc5e7b-1e48-4cbc-8492-b37e78b947b3, expected=43cc5e7b-1e48-4cbc-8492-b37e78b947b3
2025-08-29T15:20:16.327Z [INFO] Cookies: user=admin, session=43cc5e7b-1e48-4cbc-8492-b37e78b947b3, expected=43cc5e7b-1e48-4cbc-8492-b37e78b947b3
2025-08-29T15:20:16.359Z [INFO] Cookies: user=admin, session=43cc5e7b-1e48-4cbc-8492-b37e78b947b3, expected=43cc5e7b-1e48-4cbc-8492-b37e78b947b3
2025-08-29T15:20:16.391Z [INFO] Cookies: user=admin, session=43cc5e7b-1e48-4cbc-8492-b37e78b947b3, expected=43cc5e7b-1e48-4cbc-8492-b37e78b947b3
2025-08-29T15:20:16.423Z [INFO] Cookies: user=admin, session=43cc5e7b-1e48-4cbc-8492-b37e78b947b3, expected=43cc5e7b-1e48-4cbc-8492-b37e78b947b3
2025-08-29T15:20:16.455Z [INFO] Cookies: user=admin, session=43cc5e7b-1e48-4cbc-8492-b37e78b947b3, expected=43cc5e7b-1e48-4cbc-8492-b37e78b947b3
2025-08-29T15:20:16.488Z [INFO] Cookies: user=admin, session=43cc5e7b-1e48-4cbc-8492-b37e78b947b3, expected=43cc5e7b-1e48-4cbc-8492-b37e78b947b3
2025-08-29T15:20:16.523Z [INFO] Cookies: user=admin, session=43cc5e7b-1e48-4cbc-8492-b37e78b947b3, expected=43cc5e7b-1e48-4cbc-8492-b37e78b947b3
2025-08-29T15:20:16.561Z [INFO] Cookies: user=admin, session=43cc5e7b-1e48-4cbc-8492-b37e78b947b3, expected=43cc5e7b-1e48-4cbc-8492-b37e78b947b3
2025-08-29T15:20:16.595Z [INFO] Cookies: user=admin, session=43cc5e7b-1e48-4cbc-8492-b37e78b947b3, expected=43cc5e7b-1e48-4cbc-8492-b37e78b947b3
2025-08-29T15:20:16.629Z [INFO] Cookies: user=admin, session=43cc5e7b-1e48-4cbc-8492-b37e78b947b3, expected=43cc5e7b-1e48-4cbc-8492-b37e78b947b3
2025-08-29T15:20:16.664Z [INFO] Cookies: user=admin, session=43cc5e7b-1e48-4cbc-8492-b37e78b947b3, expected=43cc5e7b-1e48-4cbc-8492-b37e78b947b3
2025-08-29T15:20:16.666Z [INFO] Cookies: user=admin, session=43cc5e7b-1e48-4cbc-8492-b37e78b947b3, expected=43cc5e7b-1e48-4cbc-8492-b37e78b947b3
2025-08-29T15:20:16.703Z [INFO] Cookies: user=admin, session=43cc5e7b-1e48-4cbc-8492-b37e78b947b3, expected=43cc5e7b-1e48-4cbc-8492-b37e78b947b3
2025-08-29T15:20:16.741Z [INFO] Cookies: user=admin, session=43cc5e7b-1e48-4cbc-8492-b37e78b947b3, expected=43cc5e7b-1e48-4cbc-8492-b37e78b947b3
2025-08-29T15:20:18.904Z [INFO] Cookies: user=admin, session=43cc5e7b-1e48-4cbc-8492-b37e78b947b3, expected=43cc5e7b-1e48-4cbc-8492-b37e78b947b3
2025-08-29T15:20:18.905Z [INFO] user authenticated by middleware from 127.0.0.1 with session ID 43cc5e7b-1e48-4cbc-8492-b37e78b947b3 and username admin
2025-08-29T15:20:18.930Z [INFO] Cookies: user=admin, session=43cc5e7b-1e48-4cbc-8492-b37e78b947b3, expected=43cc5e7b-1e48-4cbc-8492-b37e78b947b3
2025-08-29T15:20:18.964Z [INFO] Cookies: user=admin, session=43cc5e7b-1e48-4cbc-8492-b37e78b947b3, expected=43cc5e7b-1e48-4cbc-8492-b37e78b947b3
2025-08-29T15:20:18.971Z [INFO] Cookies: user=admin, session=43cc5e7b-1e48-4cbc-8492-b37e78b947b3, expected=43cc5e7b-1e48-4cbc-8492-b37e78b947b3
2025-08-29T15:20:18.994Z [INFO] Cookies: user=admin, session=43cc5e7b-1e48-4cbc-8492-b37e78b947b3, expected=43cc5e7b-1e48-4cbc-8492-b37e78b947b3
2025-08-29T15:20:19.044Z [INFO] Cookies: user=admin, session=43cc5e7b-1e48-4cbc-8492-b37e78b947b3, expected=43cc5e7b-1e48-4cbc-8492-b37e78b947b3
2025-08-29T15:20:19.085Z [INFO] Cookies: user=admin, session=43cc5e7b-1e48-4cbc-8492-b37e78b947b3, expected=43cc5e7b-1e48-4cbc-8492-b37e78b947b3
2025-08-29T15:20:19.085Z [INFO] Cookies: user=admin, session=43cc5e7b-1e48-4cbc-8492-b37e78b947b3, expected=43cc5e7b-1e48-4cbc-8492-b37e78b947b3
2025-08-29T15:20:19.086Z [INFO] Cookies: user=admin, session=43cc5e7b-1e48-4cbc-8492-b37e78b947b3, expected=43cc5e7b-1e48-4cbc-8492-b37e78b947b3
2025-08-29T15:20:19.086Z [INFO] Cookies: user=admin, session=43cc5e7b-1e48-4cbc-8492-b37e78b947b3, expected=43cc5e7b-1e48-4cbc-8492-b37e78b947b3
2025-08-29T15:20:19.145Z [INFO] Cookies: user=admin, session=43cc5e7b-1e48-4cbc-8492-b37e78b947b3, expected=43cc5e7b-1e48-4cbc-8492-b37e78b947b3
2025-08-29T15:20:19.198Z [INFO] Cookies: user=admin, session=43cc5e7b-1e48-4cbc-8492-b37e78b947b3, expected=43cc5e7b-1e48-4cbc-8492-b37e78b947b3
2025-08-29T15:20:19.233Z [INFO] Cookies: user=admin, session=43cc5e7b-1e48-4cbc-8492-b37e78b947b3, expected=43cc5e7b-1e48-4cbc-8492-b37e78b947b3
2025-08-29T15:20:19.279Z [INFO] Cookies: user=admin, session=43cc5e7b-1e48-4cbc-8492-b37e78b947b3, expected=43cc5e7b-1e48-4cbc-8492-b37e78b947b3
2025-08-29T15:20:19.279Z [INFO] Cookies: user=admin, session=43cc5e7b-1e48-4cbc-8492-b37e78b947b3, expected=43cc5e7b-1e48-4cbc-8492-b37e78b947b3
2025-08-29T15:20:19.280Z [INFO] Cookies: user=admin, session=43cc5e7b-1e48-4cbc-8492-b37e78b947b3, expected=43cc5e7b-1e48-4cbc-8492-b37e78b947b3
2025-08-29T15:20:19.319Z [INFO] Cookies: user=admin, session=43cc5e7b-1e48-4cbc-8492-b37e78b947b3, expected=43cc5e7b-1e48-4cbc-8492-b37e78b947b3
2025-08-29T15:20:19.352Z [INFO] Cookies: user=admin, session=43cc5e7b-1e48-4cbc-8492-b37e78b947b3, expected=43cc5e7b-1e48-4cbc-8492-b37e78b947b3
2025-08-29T15:20:19.383Z [INFO] Cookies: user=admin, session=43cc5e7b-1e48-4cbc-8492-b37e78b947b3, expected=43cc5e7b-1e48-4cbc-8492-b37e78b947b3
2025-08-29T15:20:19.416Z [INFO] Cookies: user=admin, session=43cc5e7b-1e48-4cbc-8492-b37e78b947b3, expected=43cc5e7b-1e48-4cbc-8492-b37e78b947b3
2025-08-29T15:20:21.325Z [INFO] Cookies: user=admin, session=43cc5e7b-1e48-4cbc-8492-b37e78b947b3, expected=43cc5e7b-1e48-4cbc-8492-b37e78b947b3
2025-08-29T15:20:21.325Z [INFO] Cookies: user=admin, session=43cc5e7b-1e48-4cbc-8492-b37e78b947b3, expected=43cc5e7b-1e48-4cbc-8492-b37e78b947b3
2025-08-29T15:20:25.462Z [INFO] Cookies: user=admin, session=43cc5e7b-1e48-4cbc-8492-b37e78b947b3, expected=43cc5e7b-1e48-4cbc-8492-b37e78b947b3
2025-08-29T15:20:25.467Z [INFO] Cookies: user=admin, session=43cc5e7b-1e48-4cbc-8492-b37e78b947b3, expected=43cc5e7b-1e48-4cbc-8492-b37e78b947b3
2025-08-29T15:20:35.112Z [INFO] Cookies: user=admin, session=43cc5e7b-1e48-4cbc-8492-b37e78b947b3, expected=43cc5e7b-1e48-4cbc-8492-b37e78b947b3
2025-08-29T15:20:35.112Z [INFO] Cookies: user=admin, session=43cc5e7b-1e48-4cbc-8492-b37e78b947b3, expected=43cc5e7b-1e48-4cbc-8492-b37e78b947b3
2025-08-29T15:20:35.142Z [INFO] Cookies: user=admin, session=43cc5e7b-1e48-4cbc-8492-b37e78b947b3, expected=43cc5e7b-1e48-4cbc-8492-b37e78b947b3
2025-08-29T15:21:24.203Z [INFO] user authenticated by middleware from 127.0.0.1 with session ID 43cc5e7b-1e48-4cbc-8492-b37e78b947b3 and username admin
2025-08-29T15:21:24.202Z [INFO] Cookies: user=admin, session=43cc5e7b-1e48-4cbc-8492-b37e78b947b3, expected=43cc5e7b-1e48-4cbc-8492-b37e78b947b3
2025-08-29T15:21:24.227Z [INFO] Cookies: user=admin, session=43cc5e7b-1e48-4cbc-8492-b37e78b947b3, expected=43cc5e7b-1e48-4cbc-8492-b37e78b947b3
2025-08-29T15:21:24.265Z [INFO] Cookies: user=admin, session=43cc5e7b-1e48-4cbc-8492-b37e78b947b3, expected=43cc5e7b-1e48-4cbc-8492-b37e78b947b3
2025-08-29T15:21:24.269Z [INFO] Cookies: user=admin, session=43cc5e7b-1e48-4cbc-8492-b37e78b947b3, expected=43cc5e7b-1e48-4cbc-8492-b37e78b947b3
2025-08-29T15:21:24.301Z [INFO] Cookies: user=admin, session=43cc5e7b-1e48-4cbc-8492-b37e78b947b3, expected=43cc5e7b-1e48-4cbc-8492-b37e78b947b3
2025-08-29T15:21:24.346Z [INFO] Cookies: user=admin, session=43cc5e7b-1e48-4cbc-8492-b37e78b947b3, expected=43cc5e7b-1e48-4cbc-8492-b37e78b947b3
2025-08-29T15:21:24.393Z [INFO] Cookies: user=admin, session=43cc5e7b-1e48-4cbc-8492-b37e78b947b3, expected=43cc5e7b-1e48-4cbc-8492-b37e78b947b3
2025-08-29T15:21:24.398Z [INFO] Cookies: user=admin, session=43cc5e7b-1e48-4cbc-8492-b37e78b947b3, expected=43cc5e7b-1e48-4cbc-8492-b37e78b947b3
2025-08-29T15:21:24.399Z [INFO] Cookies: user=admin, session=43cc5e7b-1e48-4cbc-8492-b37e78b947b3, expected=43cc5e7b-1e48-4cbc-8492-b37e78b947b3
2025-08-29T15:21:24.399Z [INFO] Cookies: user=admin, session=43cc5e7b-1e48-4cbc-8492-b37e78b947b3, expected=43cc5e7b-1e48-4cbc-8492-b37e78b947b3
2025-08-29T15:21:24.446Z [INFO] Cookies: user=admin, session=43cc5e7b-1e48-4cbc-8492-b37e78b947b3, expected=43cc5e7b-1e48-4cbc-8492-b37e78b947b3
2025-08-29T15:21:24.459Z [INFO] Cookies: user=admin, session=43cc5e7b-1e48-4cbc-8492-b37e78b947b3, expected=43cc5e7b-1e48-4cbc-8492-b37e78b947b3
2025-08-29T15:21:24.484Z [INFO] Cookies: user=admin, session=43cc5e7b-1e48-4cbc-8492-b37e78b947b3, expected=43cc5e7b-1e48-4cbc-8492-b37e78b947b3
2025-08-29T15:21:24.498Z [INFO] Cookies: user=admin, session=43cc5e7b-1e48-4cbc-8492-b37e78b947b3, expected=43cc5e7b-1e48-4cbc-8492-b37e78b947b3
2025-08-29T15:21:24.527Z [INFO] Cookies: user=admin, session=43cc5e7b-1e48-4cbc-8492-b37e78b947b3, expected=43cc5e7b-1e48-4cbc-8492-b37e78b947b3
2025-08-29T15:21:24.571Z [INFO] Cookies: user=admin, session=43cc5e7b-1e48-4cbc-8492-b37e78b947b3, expected=43cc5e7b-1e48-4cbc-8492-b37e78b947b3
2025-08-29T15:21:24.573Z [INFO] Cookies: user=admin, session=43cc5e7b-1e48-4cbc-8492-b37e78b947b3, expected=43cc5e7b-1e48-4cbc-8492-b37e78b947b3
2025-08-29T15:21:24.574Z [INFO] Cookies: user=admin, session=43cc5e7b-1e48-4cbc-8492-b37e78b947b3, expected=43cc5e7b-1e48-4cbc-8492-b37e78b947b3
2025-08-29T15:21:24.607Z [INFO] Cookies: user=admin, session=43cc5e7b-1e48-4cbc-8492-b37e78b947b3, expected=43cc5e7b-1e48-4cbc-8492-b37e78b947b3
2025-08-29T15:21:24.638Z [INFO] Cookies: user=admin, session=43cc5e7b-1e48-4cbc-8492-b37e78b947b3, expected=43cc5e7b-1e48-4cbc-8492-b37e78b947b3
2025-08-29T15:21:24.672Z [INFO] Cookies: user=admin, session=43cc5e7b-1e48-4cbc-8492-b37e78b947b3, expected=43cc5e7b-1e48-4cbc-8492-b37e78b947b3
2025-08-29T15:21:24.710Z [INFO] Cookies: user=admin, session=43cc5e7b-1e48-4cbc-8492-b37e78b947b3, expected=43cc5e7b-1e48-4cbc-8492-b37e78b947b3
2025-08-29T15:21:27.886Z [INFO] Cookies: user=admin, session=43cc5e7b-1e48-4cbc-8492-b37e78b947b3, expected=43cc5e7b-1e48-4cbc-8492-b37e78b947b3
2025-08-29T15:21:27.926Z [INFO] Cookies: user=admin, session=43cc5e7b-1e48-4cbc-8492-b37e78b947b3, expected=43cc5e7b-1e48-4cbc-8492-b37e78b947b3
2025-08-29T15:21:28.014Z [INFO] Cookies: user=admin, session=43cc5e7b-1e48-4cbc-8492-b37e78b947b3, expected=43cc5e7b-1e48-4cbc-8492-b37e78b947b3
2025-08-29T15:21:28.014Z [INFO] Cookies: user=admin, session=43cc5e7b-1e48-4cbc-8492-b37e78b947b3, expected=43cc5e7b-1e48-4cbc-8492-b37e78b947b3
2025-08-29T15:21:28.163Z [INFO] Cookies: user=admin, session=43cc5e7b-1e48-4cbc-8492-b37e78b947b3, expected=43cc5e7b-1e48-4cbc-8492-b37e78b947b3
2025-08-29T15:21:28.196Z [INFO] Cookies: user=admin, session=43cc5e7b-1e48-4cbc-8492-b37e78b947b3, expected=43cc5e7b-1e48-4cbc-8492-b37e78b947b3
2025-08-29T15:21:28.288Z [INFO] Cookies: user=admin, session=43cc5e7b-1e48-4cbc-8492-b37e78b947b3, expected=43cc5e7b-1e48-4cbc-8492-b37e78b947b3
2025-08-29T15:21:29.303Z [INFO] Cookies: user=admin, session=43cc5e7b-1e48-4cbc-8492-b37e78b947b3, expected=43cc5e7b-1e48-4cbc-8492-b37e78b947b3
2025-08-29T15:21:29.670Z [INFO] Cookies: user=admin, session=43cc5e7b-1e48-4cbc-8492-b37e78b947b3, expected=43cc5e7b-1e48-4cbc-8492-b37e78b947b3
2025-08-29T15:21:29.705Z [INFO] Cookies: user=admin, session=43cc5e7b-1e48-4cbc-8492-b37e78b947b3, expected=43cc5e7b-1e48-4cbc-8492-b37e78b947b3
2025-08-29T15:21:29.776Z [INFO] Cookies: user=admin, session=43cc5e7b-1e48-4cbc-8492-b37e78b947b3, expected=43cc5e7b-1e48-4cbc-8492-b37e78b947b3
2025-08-29T15:21:30.792Z [INFO] Cookies: user=admin, session=43cc5e7b-1e48-4cbc-8492-b37e78b947b3, expected=43cc5e7b-1e48-4cbc-8492-b37e78b947b3
2025-08-29T15:21:30.943Z [INFO] Cookies: user=admin, session=43cc5e7b-1e48-4cbc-8492-b37e78b947b3, expected=43cc5e7b-1e48-4cbc-8492-b37e78b947b3
2025-08-29T15:21:30.985Z [INFO] Cookies: user=admin, session=43cc5e7b-1e48-4cbc-8492-b37e78b947b3, expected=43cc5e7b-1e48-4cbc-8492-b37e78b947b3
2025-08-29T15:21:31.070Z [INFO] Cookies: user=admin, session=43cc5e7b-1e48-4cbc-8492-b37e78b947b3, expected=43cc5e7b-1e48-4cbc-8492-b37e78b947b3
2025-08-29T15:21:32.091Z [INFO] Cookies: user=admin, session=43cc5e7b-1e48-4cbc-8492-b37e78b947b3, expected=43cc5e7b-1e48-4cbc-8492-b37e78b947b3
2025-08-29T15:21:32.388Z [INFO] Cookies: user=admin, session=43cc5e7b-1e48-4cbc-8492-b37e78b947b3, expected=43cc5e7b-1e48-4cbc-8492-b37e78b947b3
2025-08-29T15:21:32.388Z [INFO] Cookies: user=admin, session=43cc5e7b-1e48-4cbc-8492-b37e78b947b3, expected=43cc5e7b-1e48-4cbc-8492-b37e78b947b3
2025-08-29T15:21:32.510Z [INFO] Cookies: user=admin, session=43cc5e7b-1e48-4cbc-8492-b37e78b947b3, expected=43cc5e7b-1e48-4cbc-8492-b37e78b947b3
2025-08-29T15:21:32.515Z [INFO] Cookies: user=admin, session=43cc5e7b-1e48-4cbc-8492-b37e78b947b3, expected=43cc5e7b-1e48-4cbc-8492-b37e78b947b3
2025-08-29T15:21:32.516Z [INFO] Cookies: user=admin, session=43cc5e7b-1e48-4cbc-8492-b37e78b947b3, expected=43cc5e7b-1e48-4cbc-8492-b37e78b947b3
2025-08-29T15:21:34.506Z [INFO] Cookies: user=admin, session=43cc5e7b-1e48-4cbc-8492-b37e78b947b3, expected=43cc5e7b-1e48-4cbc-8492-b37e78b947b3
2025-08-29T15:21:34.541Z [INFO] Cookies: user=admin, session=43cc5e7b-1e48-4cbc-8492-b37e78b947b3, expected=43cc5e7b-1e48-4cbc-8492-b37e78b947b3
2025-08-29T15:21:38.524Z [INFO] Cookies: user=admin, session=43cc5e7b-1e48-4cbc-8492-b37e78b947b3, expected=43cc5e7b-1e48-4cbc-8492-b37e78b947b3
2025-08-29T15:21:38.558Z [INFO] Cookies: user=admin, session=43cc5e7b-1e48-4cbc-8492-b37e78b947b3, expected=43cc5e7b-1e48-4cbc-8492-b37e78b947b3
2025-08-29T15:21:38.630Z [INFO] Cookies: user=admin, session=43cc5e7b-1e48-4cbc-8492-b37e78b947b3, expected=43cc5e7b-1e48-4cbc-8492-b37e78b947b3
2025-08-29T15:21:39.513Z [INFO] Cookies: user=admin, session=43cc5e7b-1e48-4cbc-8492-b37e78b947b3, expected=43cc5e7b-1e48-4cbc-8492-b37e78b947b3
2025-08-29T15:21:39.777Z [INFO] Cookies: user=admin, session=43cc5e7b-1e48-4cbc-8492-b37e78b947b3, expected=43cc5e7b-1e48-4cbc-8492-b37e78b947b3
2025-08-29T15:21:39.779Z [INFO] Cookies: user=admin, session=43cc5e7b-1e48-4cbc-8492-b37e78b947b3, expected=43cc5e7b-1e48-4cbc-8492-b37e78b947b3
2025-08-29T15:21:39.913Z [INFO] Cookies: user=admin, session=43cc5e7b-1e48-4cbc-8492-b37e78b947b3, expected=43cc5e7b-1e48-4cbc-8492-b37e78b947b3
2025-08-29T15:21:40.013Z [INFO] Cookies: user=admin, session=43cc5e7b-1e48-4cbc-8492-b37e78b947b3, expected=43cc5e7b-1e48-4cbc-8492-b37e78b947b3
2025-08-29T15:21:40.013Z [INFO] Cookies: user=admin, session=43cc5e7b-1e48-4cbc-8492-b37e78b947b3, expected=43cc5e7b-1e48-4cbc-8492-b37e78b947b3
2025-08-29T15:21:41.658Z [INFO] Cookies: user=admin, session=43cc5e7b-1e48-4cbc-8492-b37e78b947b3, expected=43cc5e7b-1e48-4cbc-8492-b37e78b947b3
2025-08-29T15:21:41.692Z [INFO] Cookies: user=admin, session=43cc5e7b-1e48-4cbc-8492-b37e78b947b3, expected=43cc5e7b-1e48-4cbc-8492-b37e78b947b3
